#
# There is insufficient memory for the Java Runtime Environment to continue.
# Native memory allocation (mmap) failed to map 65536 bytes for Failed to commit metaspace.
# Possible reasons:
#   The system is out of physical RAM or swap space
#   The process is running with CompressedOops enabled, and the Java Heap may be blocking the growth of the native heap
# Possible solutions:
#   Reduce memory load on the system
#   Increase physical memory or swap space
#   Check if swap backing store is full
#   Decrease Java heap size (-Xmx/-Xms)
#   Decrease number of Java threads
#   Decrease Java thread stack sizes (-Xss)
#   Set larger code cache with -XX:ReservedCodeCacheSize=
#   JVM is running with Unscaled Compressed Oops mode in which the Java heap is
#     placed in the first 4GB address space. The Java Heap base address is the
#     maximum limit for the native heap growth. Please use -XX:HeapBaseMinAddress
#     to set the Java Heap base and to place the Java Heap above 4GB virtual address.
# This output file may be truncated or incomplete.
#
#  Out of Memory Error (virtualSpaceNode.cpp:112), pid=19384, tid=2516
#
# JRE version: OpenJDK Runtime Environment (21.0.1+12) (build 21.0.1+12-29)
# Java VM: OpenJDK 64-Bit Server VM (21.0.1+12-29, mixed mode, emulated-client, sharing, tiered, compressed oops, compressed class ptrs, g1 gc, windows-amd64)
# No core dump will be written. Minidumps are not enabled by default on client versions of Windows
#

---------------  S U M M A R Y ------------

Command Line: -XX:TieredStopAtLevel=1 -Dspring.output.ansi.enabled=always -Dcom.sun.management.jmxremote -Dspring.jmx.enabled=true -Dspring.liveBeansView.mbeanDomain -Dspring.application.admin.enabled=true -Dmanagement.endpoints.jmx.exposure.include=* -javaagent:C:\Program Files\JetBrains\IntelliJ IDEA 2023.2.5\lib\idea_rt.jar=37097:C:\Program Files\JetBrains\IntelliJ IDEA 2023.2.5\bin -Dfile.encoding=UTF-8 -Dsun.stdout.encoding=UTF-8 -Dsun.stderr.encoding=UTF-8 com.crud.demo.SistemaVenta1Application

Host: Intel(R) Core(TM) i7-1065G7 CPU @ 1.30GHz, 8 cores, 7G,  Windows 10 , 64 bit Build 19041 (10.0.19041.3636)
Time: Fri Nov 24 11:15:31 2023 Hora estándar Montañas, EE.UU. elapsed time: 2.072174 seconds (0d 0h 0m 2s)

---------------  T H R E A D  ---------------

Current thread (0x000002c8eefbcb30):  JavaThread "main"             [_thread_in_vm, id=2516, stack(0x000000f0ce000000,0x000000f0ce100000) (1024K)]

Stack: [0x000000f0ce000000,0x000000f0ce100000]
Native frames: (J=compiled Java code, j=interpreted, Vv=VM code, C=native code)
V  [jvm.dll+0x6c9029]
V  [jvm.dll+0x854b81]
V  [jvm.dll+0x856e5e]
V  [jvm.dll+0x857543]
V  [jvm.dll+0x280c06]
V  [jvm.dll+0x8508ae]
V  [jvm.dll+0x66ca45]
V  [jvm.dll+0x1e677c]
V  [jvm.dll+0x1e654e]
V  [jvm.dll+0x66f35c]
V  [jvm.dll+0x66f172]
V  [jvm.dll+0x66d41e]
V  [jvm.dll+0x3bdcaf]
V  [jvm.dll+0x20fabb]
V  [jvm.dll+0x5ac706]
V  [jvm.dll+0x7cd90d]
V  [jvm.dll+0x4704ca]
V  [jvm.dll+0x4838d6]
C  [java.dll+0x1657]

Java frames: (J=compiled Java code, j=interpreted, Vv=VM code)
J 2272  java.lang.ClassLoader.defineClass0(Ljava/lang/ClassLoader;Ljava/lang/Class;Ljava/lang/String;[BIILjava/security/ProtectionDomain;ZILjava/lang/Object;)Ljava/lang/Class; java.base@21.0.1 (0 bytes) @ 0x000002c8f7a6543c [0x000002c8f7a65340+0x00000000000000fc]
J 2271 c1 java.lang.System$2.defineClass(Ljava/lang/ClassLoader;Ljava/lang/Class;Ljava/lang/String;[BLjava/security/ProtectionDomain;ZILjava/lang/Object;)Ljava/lang/Class; java.base@21.0.1 (21 bytes) @ 0x000002c8f7a6503c [0x000002c8f7a64fc0+0x000000000000007c]
J 1818 c1 java.lang.invoke.MethodHandles$Lookup$ClassDefiner.defineClass(ZLjava/lang/Object;)Ljava/lang/Class; java.base@21.0.1 (213 bytes) @ 0x000002c8f79a3094 [0x000002c8f79a2ea0+0x00000000000001f4]
j  java.lang.invoke.InvokerBytecodeGenerator.loadMethod([B)Ljava/lang/invoke/MemberName;+22 java.base@21.0.1
j  java.lang.invoke.InvokerBytecodeGenerator.generateCustomizedCode(Ljava/lang/invoke/LambdaForm;Ljava/lang/invoke/MethodType;)Ljava/lang/invoke/MemberName;+30 java.base@21.0.1
j  java.lang.invoke.LambdaForm.compileToBytecode()V+69 java.base@21.0.1
j  java.lang.invoke.LambdaForm.customize(Ljava/lang/invoke/MethodHandle;)Ljava/lang/invoke/LambdaForm;+49 java.base@21.0.1
j  java.lang.invoke.MethodHandle$1.apply(Ljava/lang/invoke/LambdaForm;)Ljava/lang/invoke/LambdaForm;+5 java.base@21.0.1
j  java.lang.invoke.MethodHandle$1.apply(Ljava/lang/Object;)Ljava/lang/Object;+5 java.base@21.0.1
j  java.lang.invoke.MethodHandle.updateForm(Ljava/util/function/Function;)V+22 java.base@21.0.1
J 734 c1 java.lang.invoke.MethodHandle.maybeCustomize()V java.base@21.0.1 (38 bytes) @ 0x000002c8f775c1fc [0x000002c8f775c160+0x000000000000009c]
J 733 c1 java.lang.invoke.Invokers.maybeCustomize(Ljava/lang/invoke/MethodHandle;)V java.base@21.0.1 (5 bytes) @ 0x000002c8f775bae4 [0x000002c8f775bac0+0x0000000000000024]
J 2444 c1 jdk.internal.reflect.DirectMethodHandleAccessor.invoke(Ljava/lang/Object;[Ljava/lang/Object;)Ljava/lang/Object; java.base@21.0.1 (92 bytes) @ 0x000002c8f7aabe14 [0x000002c8f7aabbe0+0x0000000000000234]
J 2495 c1 java.lang.reflect.Method.invoke(Ljava/lang/Object;[Ljava/lang/Object;)Ljava/lang/Object; java.base@21.0.1 (108 bytes) @ 0x000002c8f7ac435c [0x000002c8f7ac4180+0x00000000000001dc]
j  org.springframework.util.ReflectionUtils.invokeMethod(Ljava/lang/reflect/Method;Ljava/lang/Object;[Ljava/lang/Object;)Ljava/lang/Object;+3
j  org.springframework.util.ReflectionUtils.invokeMethod(Ljava/lang/reflect/Method;Ljava/lang/Object;)Ljava/lang/Object;+5
j  org.springframework.core.annotation.TypeMappedAnnotation.getValueFromMetaAnnotation(IZ)Ljava/lang/Object;+49
J 2527 c1 org.springframework.core.annotation.TypeMappedAnnotation.getValue(IZZ)Ljava/lang/Object; (151 bytes) @ 0x000002c8f7ad2b7c [0x000002c8f7ad2a00+0x000000000000017c]
J 2537 c1 org.springframework.core.annotation.TypeMappedAnnotation.getValue(ILjava/lang/Class;)Ljava/lang/Object; (41 bytes) @ 0x000002c8f7ad5a5c [0x000002c8f7ad59e0+0x000000000000007c]
j  org.springframework.core.annotation.TypeMappedAnnotation.asMap(Ljava/util/function/Function;[Lorg/springframework/core/annotation/MergedAnnotation$Adapt;)Ljava/util/Map;+82
j  org.springframework.core.annotation.TypeMappedAnnotation.asMap([Lorg/springframework/core/annotation/MergedAnnotation$Adapt;)Ljava/util/Map;+7
j  org.springframework.core.annotation.MergedAnnotationCollectors.lambda$toMultiValueMap$4([Lorg/springframework/core/annotation/MergedAnnotation$Adapt;Lorg/springframework/util/MultiValueMap;Lorg/springframework/core/annotation/MergedAnnotation;)V+2
j  org.springframework.core.annotation.MergedAnnotationCollectors$$Lambda+0x000002c88129d128.accept(Ljava/lang/Object;Ljava/lang/Object;)V+12
J 2246 c1 java.util.stream.ReduceOps$3ReducingSink.accept(Ljava/lang/Object;)V java.base@21.0.1 (15 bytes) @ 0x000002c8f7a59f9c [0x000002c8f7a59f40+0x000000000000005c]
J 1217 c1 java.util.stream.ReferencePipeline$3$1.accept(Ljava/lang/Object;)V java.base@21.0.1 (23 bytes) @ 0x000002c8f78a663c [0x000002c8f78a65c0+0x000000000000007c]
J 923 c1 java.util.stream.ReferencePipeline$2$1.accept(Ljava/lang/Object;)V java.base@21.0.1 (27 bytes) @ 0x000002c8f7832554 [0x000002c8f78324c0+0x0000000000000094]
J 2469 c1 org.springframework.core.annotation.MergedAnnotationsCollection$AnnotationsSpliterator.tryAdvance(Ljava/util/function/Consumer;)Z (116 bytes) @ 0x000002c8f7ab5e2c [0x000002c8f7ab5c80+0x00000000000001ac]
j  java.util.Spliterator.forEachRemaining(Ljava/util/function/Consumer;)V+2 java.base@21.0.1
J 1940 c1 java.util.stream.AbstractPipeline.copyInto(Ljava/util/stream/Sink;Ljava/util/Spliterator;)V java.base@21.0.1 (54 bytes) @ 0x000002c8f79d4b84 [0x000002c8f79d4aa0+0x00000000000000e4]
J 1939 c1 java.util.stream.AbstractPipeline.wrapAndCopyInto(Ljava/util/stream/Sink;Ljava/util/Spliterator;)Ljava/util/stream/Sink; java.base@21.0.1 (18 bytes) @ 0x000002c8f79d4334 [0x000002c8f79d4260+0x00000000000000d4]
J 2596 c1 java.util.stream.ReduceOps$ReduceOp.evaluateSequential(Ljava/util/stream/PipelineHelper;Ljava/util/Spliterator;)Ljava/lang/Object; java.base@21.0.1 (18 bytes) @ 0x000002c8f7aede5c [0x000002c8f7aedde0+0x000000000000007c]
J 1943 c1 java.util.stream.AbstractPipeline.evaluate(Ljava/util/stream/TerminalOp;)Ljava/lang/Object; java.base@21.0.1 (94 bytes) @ 0x000002c8f79d5d4c [0x000002c8f79d5c20+0x000000000000012c]
J 2598 c1 java.util.stream.ReferencePipeline.collect(Ljava/util/stream/Collector;)Ljava/lang/Object; java.base@21.0.1 (124 bytes) @ 0x000002c8f7aef1fc [0x000002c8f7aef060+0x000000000000019c]
j  org.springframework.core.type.AnnotatedTypeMetadata.getAllAnnotationAttributes(Ljava/lang/String;Z)Lorg/springframework/util/MultiValueMap;+50
j  org.springframework.context.annotation.ConditionEvaluator.getConditionClasses(Lorg/springframework/core/type/AnnotatedTypeMetadata;)Ljava/util/List;+7
j  org.springframework.context.annotation.ConditionEvaluator.shouldSkip(Lorg/springframework/core/type/AnnotatedTypeMetadata;Lorg/springframework/context/annotation/ConfigurationCondition$ConfigurationPhase;)Z+69
j  org.springframework.context.annotation.ConfigurationClassParser.processConfigurationClass(Lorg/springframework/context/annotation/ConfigurationClass;)V+11
j  org.springframework.context.annotation.ConfigurationClassParser.processMemberClasses(Lorg/springframework/context/annotation/ConfigurationClass;Lorg/springframework/context/annotation/ConfigurationClassParser$SourceClass;)V+194
j  org.springframework.context.annotation.ConfigurationClassParser.doProcessConfigurationClass(Lorg/springframework/context/annotation/ConfigurationClass;Lorg/springframework/context/annotation/ConfigurationClassParser$SourceClass;)Lorg/springframework/context/annotation/ConfigurationClassParser$SourceClass;+20
j  org.springframework.context.annotation.ConfigurationClassParser.processConfigurationClass(Lorg/springframework/context/annotation/ConfigurationClass;)V+102
j  org.springframework.context.annotation.ConfigurationClassParser.processImports(Lorg/springframework/context/annotation/ConfigurationClass;Lorg/springframework/context/annotation/ConfigurationClassParser$SourceClass;Ljava/util/Collection;Z)V+265
j  org.springframework.context.annotation.ConfigurationClassParser.access$900(Lorg/springframework/context/annotation/ConfigurationClassParser;Lorg/springframework/context/annotation/ConfigurationClass;Lorg/springframework/context/annotation/ConfigurationClassParser$SourceClass;Ljava/util/Collection;Z)V+6
j  org.springframework.context.annotation.ConfigurationClassParser$DeferredImportSelectorGroupingHandler.lambda$processGroupImports$1(Lorg/springframework/context/annotation/DeferredImportSelector$Group$Entry;)V+49
j  org.springframework.context.annotation.ConfigurationClassParser$DeferredImportSelectorGroupingHandler$$Lambda+0x000002c88129b960.accept(Ljava/lang/Object;)V+8
j  java.util.ArrayList.forEach(Ljava/util/function/Consumer;)V+46 java.base@21.0.1
j  org.springframework.context.annotation.ConfigurationClassParser$DeferredImportSelectorGroupingHandler.processGroupImports()V+44
j  org.springframework.context.annotation.ConfigurationClassParser$DeferredImportSelectorHandler.process()V+54
j  org.springframework.context.annotation.ConfigurationClassParser.parse(Ljava/util/Set;)V+171
j  org.springframework.context.annotation.ConfigurationClassPostProcessor.processConfigBeanDefinitions(Lorg/springframework/beans/factory/support/BeanDefinitionRegistry;)V+295
j  org.springframework.context.annotation.ConfigurationClassPostProcessor.postProcessBeanDefinitionRegistry(Lorg/springframework/beans/factory/support/BeanDefinitionRegistry;)V+107
j  org.springframework.context.support.PostProcessorRegistrationDelegate.invokeBeanDefinitionRegistryPostProcessors(Ljava/util/Collection;Lorg/springframework/beans/factory/support/BeanDefinitionRegistry;)V+28
j  org.springframework.context.support.PostProcessorRegistrationDelegate.invokeBeanFactoryPostProcessors(Lorg/springframework/beans/factory/config/ConfigurableListableBeanFactory;Ljava/util/List;)V+229
j  org.springframework.context.support.AbstractApplicationContext.invokeBeanFactoryPostProcessors(Lorg/springframework/beans/factory/config/ConfigurableListableBeanFactory;)V+5
j  org.springframework.context.support.AbstractApplicationContext.refresh()V+28
j  org.springframework.boot.web.servlet.context.ServletWebServerApplicationContext.refresh()V+1
j  org.springframework.boot.SpringApplication.refresh(Lorg/springframework/context/ApplicationContext;)V+10
j  org.springframework.boot.SpringApplication.refreshContext(Lorg/springframework/context/ConfigurableApplicationContext;)V+2
j  org.springframework.boot.SpringApplication.run([Ljava/lang/String;)Lorg/springframework/context/ConfigurableApplicationContext;+118
j  org.springframework.boot.SpringApplication.run([Ljava/lang/Class;[Ljava/lang/String;)Lorg/springframework/context/ConfigurableApplicationContext;+9
j  org.springframework.boot.SpringApplication.run(Ljava/lang/Class;[Ljava/lang/String;)Lorg/springframework/context/ConfigurableApplicationContext;+9
j  com.crud.demo.SistemaVenta1Application.main([Ljava/lang/String;)V+3
v  ~StubRoutines::call_stub 0x000002c8f74010e7

Compiled method (n/a)    2094 2272     n 0       java.lang.ClassLoader::defineClass0 (native)
 total in heap  [0x000002c8f7a65190,0x000002c8f7a65920] = 1936
 relocation     [0x000002c8f7a652f0,0x000002c8f7a65330] = 64
 main code      [0x000002c8f7a65340,0x000002c8f7a6591a] = 1498
 stub code      [0x000002c8f7a6591a,0x000002c8f7a65920] = 6

[Constant Pool (empty)]

[MachCode]
[Entry Point]
  # {method} {0x000002c88043b078} 'defineClass0' '(Ljava/lang/ClassLoader;Ljava/lang/Class;Ljava/lang/String;[BIILjava/security/ProtectionDomain;ZILjava/lang/Object;)Ljava/lang/Class;' in 'java/lang/ClassLoader'
  # parm0:    rdx:rdx   = 'java/lang/ClassLoader'
  # parm1:    r8:r8     = 'java/lang/Class'
  # parm2:    r9:r9     = 'java/lang/String'
  # parm3:    rdi:rdi   = '[B'
  # parm4:    rsi       = int
  # parm5:    rcx       = int
  # parm6:    [sp+0xb0]   = 'java/security/ProtectionDomain'  (sp of caller)
  # parm7:    [sp+0xb8]   = boolean
  # parm8:    [sp+0xc0]   = int
  # parm9:    [sp+0xc8]   = 'java/lang/Object'
  0x000002c8f7a65340: 448b 5208 | 49bb 0000 | 0080 c802 | 0000 4d03 | d349 3bc2 | 0f84 0600 

  0x000002c8f7a65358: ;   {runtime_call ic_miss_stub}
  0x000002c8f7a65358: 0000 e921 | 969e ff90 
[Verified Entry Point]
  0x000002c8f7a65360: 8984 2400 | 80ff ff55 | 488b ec48 | 81ec a000 | 0000 6690 | 4181 7f20 | 0100 0000 

  0x000002c8f7a6537c: ;   {runtime_call StubRoutines (final stubs)}
  0x000002c8f7a6537c: 7405 e87d | 0e9d ff48 | 837d 2800 | 488d 4528 | 480f 4445 | 2848 8944 | 2458 4863 | 4520 4889 
  0x000002c8f7a6539c: 4424 5048 | 6345 1848 | 8944 2448 | 4883 7d10 | 0048 8d45 | 1048 0f44 | 4510 4889 | 4424 4048 
  0x000002c8f7a653bc: 894c 2438 | 4889 7424 | 3048 897c | 2478 4883 | ff00 488d | 4424 7848 | 0f44 4424 | 7848 8944 
  0x000002c8f7a653dc: 2428 4c89 | 4c24 7049 | 83f9 0048 | 8d44 2470 | 480f 4444 | 2470 4889 | 4424 204c | 8944 2468 
  0x000002c8f7a653fc: 4983 f800 | 4c8d 4c24 | 684c 0f44 | 4c24 6848 | 8954 2460 | 4883 fa00 | 4c8d 4424 | 604c 0f44 
  0x000002c8f7a6541c: ;   {oop(a 'java/lang/Class'{0x00000000852d92e8} = 'java/lang/ClassLoader')}
  0x000002c8f7a6541c: 4424 6049 | bee8 922d | 8500 0000 | 004c 89b4 | 2490 0000 | 004c 8db4 | 2490 0000 | 0049 8bd6 
  0x000002c8f7a6543c: ;   {internal_word}
  0x000002c8f7a6543c: c5f8 7749 | ba3c 54a6 | f7c8 0200 | 004d 8997 | a003 0000 | 4989 a798 

  0x000002c8f7a65454: ;   {external_word}
  0x000002c8f7a65454: 0300 0049 | bac9 25e1 | 21fe 7f00 | 0041 803a | 000f 844e | 0000 0052 | 4150 4151 

  0x000002c8f7a65470: ;   {metadata({method} {0x000002c88043b078} 'defineClass0' '(Ljava/lang/ClassLoader;Ljava/lang/Class;Ljava/lang/String;[BIILjava/security/ProtectionDomain;ZILjava/lang/Object;)Ljava/lang/Class;' in 'java/lang/ClassLoader')}
  0x000002c8f7a65470: 48ba 70b0 | 4380 c802 | 0000 498b | cf48 83ec | 2040 f6c4 | 0f0f 8419 | 0000 0048 

  0x000002c8f7a6548c: ;   {runtime_call}
  0x000002c8f7a6548c: 83ec 0848 | b830 eb91 | 21fe 7f00 | 00ff d048 | 83c4 08e9 | 0c00 0000 

  0x000002c8f7a654a4: ;   {runtime_call}
  0x000002c8f7a654a4: 48b8 30eb | 9121 fe7f | 0000 ffd0 | 4883 c420 | 4159 4158 | 5a49 8d8f | b803 0000 | 41c7 874c 
  0x000002c8f7a654c4: 0400 0004 

  0x000002c8f7a654c8: ;   {runtime_call}
  0x000002c8f7a654c8: 0000 0048 | b81c 1530 | 7bfe 7f00 | 00ff d0c5 | f877 41c7 | 874c 0400 | 0005 0000 | 00f0 8344 
  0x000002c8f7a654e8: 24c0 0049 | 3baf 5004 | 0000 0f87 | 0e00 0000 | 4183 bf48 | 0400 0000 | 0f84 2b00 | 0000 c5f8 
  0x000002c8f7a65508: 7748 8945 | f849 8bcf | 4c8b e448 | 83ec 2048 

  0x000002c8f7a65518: ;   {runtime_call}
  0x000002c8f7a65518: 83e4 f048 | b8c0 be5d | 21fe 7f00 | 00ff d049 | 8be4 4d33 | e448 8b45 | f841 c787 | 4c04 0000 
  0x000002c8f7a65538: 0800 0000 | 4183 bfc8 | 0400 0002 | 0f84 a303 

  0x000002c8f7a65548: ;   {external_word}
  0x000002c8f7a65548: 0000 49ba | c925 e121 | fe7f 0000 | 4180 3a00 | 0f84 4c00 | 0000 4889 

  0x000002c8f7a65560: ;   {metadata({method} {0x000002c88043b078} 'defineClass0' '(Ljava/lang/ClassLoader;Ljava/lang/Class;Ljava/lang/String;[BIILjava/security/ProtectionDomain;ZILjava/lang/Object;)Ljava/lang/Class;' in 'java/lang/ClassLoader')}
  0x000002c8f7a65560: 45f8 48ba | 70b0 4380 | c802 0000 | 498b cf48 | 83ec 2040 | f6c4 0f0f | 8419 0000 | 0048 83ec 
  0x000002c8f7a65580: ;   {runtime_call}
  0x000002c8f7a65580: 0848 b830 | eb91 21fe | 7f00 00ff | d048 83c4 | 08e9 0c00 

  0x000002c8f7a65594: ;   {runtime_call}
  0x000002c8f7a65594: 0000 48b8 | 30eb 9121 | fe7f 0000 | ffd0 4883 | c420 488b | 45f8 49c7 | 8798 0300 | 0000 0000 
  0x000002c8f7a655b4: 0049 c787 | a003 0000 | 0000 0000 | c5f8 7748 | 85c0 0f84 | fe02 0000 | a803 0f85 | 0800 0000 
  0x000002c8f7a655d4: 488b 00e9 | ee02 0000 | a801 0f85 | 0900 0000 | 488b 40fe | e9dd 0200 | 0048 8b40 | ff41 807f 
  0x000002c8f7a655f4: 4000 0f84 | ce02 0000 | 4883 f800 | 0f84 c402 | 0000 498b | 4f28 4883 | f900 0f84 | 1400 0000 
  0x000002c8f7a65614: 4883 e908 | 4989 4f28 | 4903 4f38 | 4889 01e9 | a202 0000 | 4881 ec50 | 0100 0048 | 8904 2448 
  0x000002c8f7a65634: 894c 2408 | 4889 5424 | 1048 8974 | 2418 4889 | 7c24 204c | 8944 2428 | 4c89 4c24 | 304c 8954 
  0x000002c8f7a65654: 2438 4c89 | 5c24 40c5 | fb11 4424 | 50c5 fb11 | 4c24 58c5 | fb11 5424 | 60c5 fb11 | 5c24 68c5 
  0x000002c8f7a65674: fb11 6424 | 70c5 fb11 | 6c24 78c5 | fb11 b424 | 8000 0000 | c5fb 11bc | 2488 0000 | 00c5 7b11 
  0x000002c8f7a65694: ;   {no_reloc}
  0x000002c8f7a65694: 8424 9000 | 0000 c57b | 118c 2498 | 0000 00c5 | 7b11 9424 | a000 0000 | c57b 119c | 24a8 0000 
  0x000002c8f7a656b4: 00c5 7b11 | a424 b000 | 0000 c57b | 11ac 24b8 | 0000 00c5 | 7b11 b424 | c000 0000 | c57b 11bc 
  0x000002c8f7a656d4: 24c8 0000 | 0062 e1ff | 0811 4424 | 1a62 e1ff | 0811 4c24 | 1b62 e1ff | 0811 5424 | 1c62 e1ff 
  0x000002c8f7a656f4: 0811 5c24 | 1d62 e1ff | 0811 6424 | 1e62 e1ff | 0811 6c24 | 1f62 e1ff | 0811 7424 | 2062 e1ff 
  0x000002c8f7a65714: 0811 7c24 | 2162 61ff | 0811 4424 | 2262 61ff | 0811 4c24 | 2362 61ff | 0811 5424 | 2462 61ff 
  0x000002c8f7a65734: 0811 5c24 | 2562 61ff | 0811 6424 | 2662 61ff | 0811 6c24 | 2762 61ff | 0811 7424 | 2862 61ff 
  0x000002c8f7a65754: 0811 7c24 | 2949 8bd7 | 488b c848 | 83ec 2040 | f6c4 0f0f | 8419 0000 | 0048 83ec 

  0x000002c8f7a65770: ;   {runtime_call}
  0x000002c8f7a65770: 0848 b8b0 | 2251 21fe | 7f00 00ff | d048 83c4 | 08e9 0c00 

  0x000002c8f7a65784: ;   {runtime_call}
  0x000002c8f7a65784: 0000 48b8 | b022 5121 | fe7f 0000 | ffd0 4883 | c420 6261 | ff08 107c | 2429 6261 | ff08 1074 
  0x000002c8f7a657a4: 2428 6261 | ff08 106c | 2427 6261 | ff08 1064 | 2426 6261 | ff08 105c | 2425 6261 | ff08 1054 
  0x000002c8f7a657c4: 2424 6261 | ff08 104c | 2423 6261 | ff08 1044 | 2422 62e1 | ff08 107c | 2421 62e1 | ff08 1074 
  0x000002c8f7a657e4: 2420 62e1 | ff08 106c | 241f 62e1 | ff08 1064 | 241e 62e1 | ff08 105c | 241d 62e1 | ff08 1054 
  0x000002c8f7a65804: 241c 62e1 | ff08 104c | 241b 62e1 | ff08 1044 | 241a c57b | 10bc 24c8 | 0000 00c5 | 7b10 b424 
  0x000002c8f7a65824: c000 0000 | c57b 10ac | 24b8 0000 | 00c5 7b10 | a424 b000 | 0000 c57b | 109c 24a8 | 0000 00c5 
  0x000002c8f7a65844: 7b10 9424 | a000 0000 | c57b 108c | 2498 0000 | 00c5 7b10 | 8424 9000 | 0000 c5fb | 10bc 2488 
  0x000002c8f7a65864: 0000 00c5 | fb10 b424 | 8000 0000 | c5fb 106c | 2478 c5fb | 1064 2470 | c5fb 105c | 2468 c5fb 
  0x000002c8f7a65884: ;   {no_reloc}
  0x000002c8f7a65884: 1054 2460 | c5fb 104c | 2458 c5fb | 1044 2450 | 4c8b 5c24 | 404c 8b54 | 2438 4c8b | 4c24 304c 
  0x000002c8f7a658a4: 8b44 2428 | 488b 7c24 | 2048 8b74 | 2418 488b | 5424 1048 | 8b4c 2408 | 488b 0424 | 4881 c450 
  0x000002c8f7a658c4: 0100 00c5 | f877 498b | 8f28 0400 | 00c7 8100 | 0100 0000 | 0000 00c9 | 4983 7f08 | 000f 8501 
  0x000002c8f7a658e4: 0000 00c3 

  0x000002c8f7a658e8: ;   {runtime_call StubRoutines (initial stubs)}
  0x000002c8f7a658e8: e913 b699 | ffc5 f877 | 4889 45f8 | 4c8b e448 | 83ec 2048 

  0x000002c8f7a658fc: ;   {runtime_call}
  0x000002c8f7a658fc: 83e4 f048 | b860 2392 | 21fe 7f00 | 00ff d049 | 8be4 4d33 | e448 8b45 | f8e9 30fc | ffff f4f4 
  0x000002c8f7a6591c: f4f4 f4f4 
[/MachCode]


Compiled method (c1)    2110 2271       1       java.lang.System$2::defineClass (21 bytes)
 total in heap  [0x000002c8f7a64e10,0x000002c8f7a65160] = 848
 relocation     [0x000002c8f7a64f70,0x000002c8f7a64fa8] = 56
 main code      [0x000002c8f7a64fc0,0x000002c8f7a650a0] = 224
 stub code      [0x000002c8f7a650a0,0x000002c8f7a650e0] = 64
 metadata       [0x000002c8f7a650e0,0x000002c8f7a650e8] = 8
 scopes data    [0x000002c8f7a650e8,0x000002c8f7a65108] = 32
 scopes pcs     [0x000002c8f7a65108,0x000002c8f7a65148] = 64
 dependencies   [0x000002c8f7a65148,0x000002c8f7a65150] = 8
 nul chk table  [0x000002c8f7a65150,0x000002c8f7a65160] = 16

[Constant Pool (empty)]

[MachCode]
[Entry Point]
  # {method} {0x000002c880019490} 'defineClass' '(Ljava/lang/ClassLoader;Ljava/lang/Class;Ljava/lang/String;[BLjava/security/ProtectionDomain;ZILjava/lang/Object;)Ljava/lang/Class;' in 'java/lang/System$2'
  # this:     rdx:rdx   = 'java/lang/System$2'
  # parm0:    r8:r8     = 'java/lang/ClassLoader'
  # parm1:    r9:r9     = 'java/lang/Class'
  # parm2:    rdi:rdi   = 'java/lang/String'
  # parm3:    rsi:rsi   = '[B'
  # parm4:    rcx:rcx   = 'java/security/ProtectionDomain'
  # parm5:    [sp+0x70]   = boolean  (sp of caller)
  # parm6:    [sp+0x78]   = int
  # parm7:    [sp+0x80]   = 'java/lang/Object'
  0x000002c8f7a64fc0: 448b 5208 | 49bb 0000 | 0080 c802 | 0000 4d03 | d34c 3bd0 

  0x000002c8f7a64fd4: ;   {runtime_call ic_miss_stub}
  0x000002c8f7a64fd4: 0f85 a699 | 9eff 660f | 1f44 0000 
[Verified Entry Point]
  0x000002c8f7a64fe0: 8984 2400 | 80ff ff55 | 4883 ec60 | 4181 7f20 | 0100 0000 

  0x000002c8f7a64ff4: ;   {runtime_call StubRoutines (final stubs)}
  0x000002c8f7a64ff4: 7405 e805 | 129d ff48 | 8bd9 4c8b | ac24 8000 | 0000 448b | 5c24 788b | 4424 708b | 4e0c 498b 
  0x000002c8f7a65014: d04d 8bc1 | 4c8b cf48 | 8bfe be00 | 0000 0048 | 891c 2489 | 4424 0844 | 895c 2410 | 4c89 6c24 
  0x000002c8f7a65034: ;   {static_call}
  0x000002c8f7a65034: 1866 90e8 

  0x000002c8f7a65038: ; ImmutableOopMap {}
                      ;*invokestatic defineClass0 {reexecute=0 rethrow=0 return_oop=0}
                      ; - java.lang.System$2::defineClass@17 (line 2390)
  0x000002c8f7a65038: 2403 0000 

  0x000002c8f7a6503c: ;   {other}
  0x000002c8f7a6503c: 0f1f 8400 | 2c02 0000 | 4883 c460 

  0x000002c8f7a65048: ;   {poll_return}
  0x000002c8f7a65048: 5d49 3ba7 | 5004 0000 | 0f87 0600 

  0x000002c8f7a65054: ;   {runtime_call throw_null_pointer_exception Runtime1 stub}
  0x000002c8f7a65054: 0000 c3e8 

  0x000002c8f7a65058: ; ImmutableOopMap {r8=Oop r9=Oop rdi=Oop rsi=Oop rbx=Oop r13=Oop [128]=Oop }
                      ;*arraylength {reexecute=0 rethrow=0 return_oop=0}
                      ; - java.lang.System$2::defineClass@8 (line 2390)
  0x000002c8f7a65058: 4405 abff 

  0x000002c8f7a6505c: ;   {internal_word}
  0x000002c8f7a6505c: 49ba 4950 | a6f7 c802 | 0000 4d89 | 9768 0400 

  0x000002c8f7a6506c: ;   {runtime_call SafepointBlob}
  0x000002c8f7a6506c: 00e9 0e1b | 9fff 498b | 8700 0500 | 0049 c787 | 0005 0000 | 0000 0000 | 49c7 8708 | 0500 0000 
  0x000002c8f7a6508c: 0000 0048 | 83c4 605d 

  0x000002c8f7a65094: ;   {runtime_call unwind_exception Runtime1 stub}
  0x000002c8f7a65094: e967 efaa | fff4 f4f4 | f4f4 f4f4 
[Stub Code]
  0x000002c8f7a650a0: ;   {no_reloc}
  0x000002c8f7a650a0: 48bb 0000 | 0000 0000 

  0x000002c8f7a650a8: ;   {runtime_call}
  0x000002c8f7a650a8: 0000 e9fb 

  0x000002c8f7a650ac: ;   {runtime_call handle_exception_from_callee Runtime1 stub}
  0x000002c8f7a650ac: ffff ffe8 | cc2a abff 

  0x000002c8f7a650b4: ;   {external_word}
  0x000002c8f7a650b4: 48b9 e027 | b921 fe7f | 0000 4883 

  0x000002c8f7a650c0: ;   {runtime_call}
  0x000002c8f7a650c0: e4f0 48b8 | e00f 8121 | fe7f 0000 

  0x000002c8f7a650cc: ;   {section_word}
  0x000002c8f7a650cc: ffd0 f449 | bacf 50a6 | f7c8 0200 

  0x000002c8f7a650d8: ;   {runtime_call DeoptimizationBlob}
  0x000002c8f7a650d8: 0041 52e9 | 402f 9fff 
[/MachCode]


Compiled method (c1)    2114 1818   !   1       java.lang.invoke.MethodHandles$Lookup$ClassDefiner::defineClass (213 bytes)
 total in heap  [0x000002c8f79a2c90,0x000002c8f79a35d0] = 2368
 relocation     [0x000002c8f79a2df0,0x000002c8f79a2e88] = 152
 main code      [0x000002c8f79a2ea0,0x000002c8f79a3278] = 984
 stub code      [0x000002c8f79a3278,0x000002c8f79a32f0] = 120
 metadata       [0x000002c8f79a32f0,0x000002c8f79a3338] = 72
 scopes data    [0x000002c8f79a3338,0x000002c8f79a3438] = 256
 scopes pcs     [0x000002c8f79a3438,0x000002c8f79a3538] = 256
 dependencies   [0x000002c8f79a3538,0x000002c8f79a3548] = 16
 handler table  [0x000002c8f79a3548,0x000002c8f79a3590] = 72
 nul chk table  [0x000002c8f79a3590,0x000002c8f79a35d0] = 64

[Constant Pool (empty)]

[MachCode]
[Entry Point]
  # {method} {0x000002c8801ee9e0} 'defineClass' '(ZLjava/lang/Object;)Ljava/lang/Class;' in 'java/lang/invoke/MethodHandles$Lookup$ClassDefiner'
  # this:     rdx:rdx   = 'java/lang/invoke/MethodHandles$Lookup$ClassDefiner'
  # parm0:    r8        = boolean
  # parm1:    r9:r9     = 'java/lang/Object'
  #           [sp+0xf0]  (sp of caller)
  0x000002c8f79a2ea0: 448b 5208 | 49bb 0000 | 0080 c802 | 0000 4d03 | d34c 3bd0 

  0x000002c8f79a2eb4: ;   {runtime_call ic_miss_stub}
  0x000002c8f79a2eb4: 0f85 c6ba | aaff 660f | 1f44 0000 
[Verified Entry Point]
  0x000002c8f79a2ec0: 8984 2400 | 80ff ff55 | 4881 ece0 | 0000 0090 | 4181 7f20 | 0100 0000 

  0x000002c8f79a2ed8: ;   {runtime_call StubRoutines (final stubs)}
  0x000002c8f79a2ed8: 7405 e821 | 33a9 ff48 | 8994 2498 | 0000 0044 | 8984 24b0 | 0000 004c | 898c 24b8 | 0000 008b 
  0x000002c8f79a2ef8: 7210 4889 | b424 9000 | 0000 8b7e | 1048 89bc | 24a8 0000 | 008b 5f34 | 4883 fb00 | 0f85 0a00 
  0x000002c8f79a2f18: ;   {oop(nullptr)}
  0x000002c8f79a2f18: 0000 48bb | 0000 0000 | 0000 0000 | 4883 fb00 | 0f84 b300 | 0000 8b46 | 1848 83f8 | 0048 899c 
  0x000002c8f79a2f38: 24a0 0000 | 000f 85b0 

  0x000002c8f79a2f40: ;   {oop(a 'java/lang/Class'{0x0000000085596498} = 'jdk/internal/access/SharedSecrets')}
  0x000002c8f79a2f40: 0000 0048 | b898 6459 | 8500 0000 | 008b 407c | 8b4e 1048 | 83f8 000f | 842a 0000 

  0x000002c8f79a2f5c: ;   {metadata('java/lang/System$2')}
  0x000002c8f79a2f5c: 0048 be88 | 8101 80c8 | 0200 0044 | 8b70 0849 | ba00 0000 | 80c8 0200 | 004d 03f2 | 493b 7638 
  0x000002c8f79a2f7c: 0f85 4902 | 0000 e900 | 0000 004c | 8bd8 483b | 0048 3b01 | 488b d10f 

  0x000002c8f79a2f94: ;   {optimized virtual_call}
  0x000002c8f79a2f94: 1f40 00e8 

  0x000002c8f79a2f98: ; ImmutableOopMap {[144]=Oop [152]=Oop [160]=Oop [168]=Oop [184]=Oop }
                      ;*invokevirtual protectionDomain {reexecute=0 rethrow=0 return_oop=0}
                      ; - java.lang.System$2::protectionDomain@1 (line 2514)
                      ; - java.lang.invoke.MethodHandles$Lookup::lookupClassProtectionDomain@17 (line 2544)
                      ; - java.lang.invoke.MethodHandles$Lookup$ClassDefiner::defineClass@23 (line 2501)
  0x000002c8f79a2f98: f002 0000 

  0x000002c8f79a2f9c: ;   {other}
  0x000002c8f79a2f9c: 0f1f 8400 | 0c03 0000 | 450f be47 | 4041 83f8 | 0048 8bb4 | 2490 0000 | 000f 851f | 0200 004c 
  0x000002c8f79a2fbc: 8bd0 4489 | 5618 f083 | 4424 c000 | 4c8b c64c | 33c0 49c1 | e814 4983 | f800 0f85 | 1a02 0000 
  0x000002c8f79a2fdc: e912 0000 | 0048 899c | 24a0 0000 

  0x000002c8f79a2fe8: ;   {oop(nullptr)}
  0x000002c8f79a2fe8: 0048 b800 | 0000 0000 | 0000 0048 | 8b9c 24a0 | 0000 0048 | 8bbc 24a8 | 0000 0048 | 8b94 2498 
  0x000002c8f79a3008: ;   {oop(a 'java/lang/Class'{0x0000000085596498} = 'jdk/internal/access/SharedSecrets')}
  0x000002c8f79a3008: 0000 0049 | b898 6459 | 8500 0000 | 0045 8b70 | 7c8b 7214 | 8b4a 1844 | 8b4a 0c49 | 83fe 000f 
  0x000002c8f79a3028: 842a 0000 

  0x000002c8f79a302c: ;   {metadata('java/lang/System$2')}
  0x000002c8f79a302c: 0049 bb88 | 8101 80c8 | 0200 0045 | 8b6e 0849 | ba00 0000 | 80c8 0200 | 004d 03ea | 4d3b 5d38 
  0x000002c8f79a304c: 0f85 bc01 | 0000 e900 | 0000 004d | 8bc6 493b | 064c 8bc3 | 498b d14c | 8bcf 488b | fe48 8bf1 
  0x000002c8f79a306c: 488b c88b | 8424 b000 | 0000 8904 | 2489 5424 | 0848 8b94 | 24b8 0000 | 0048 8954 | 2410 498b 
  0x000002c8f79a308c: ;   {optimized virtual_call}
  0x000002c8f79a308c: d666 90e8 

  0x000002c8f79a3090: ; ImmutableOopMap {[152]=Oop [168]=Oop }
                      ;*invokeinterface defineClass {reexecute=0 rethrow=0 return_oop=0}
                      ; - java.lang.invoke.MethodHandles$Lookup$ClassDefiner::defineClass@57 (line 2505)
  0x000002c8f79a3090: 4c1f 0c00 

  0x000002c8f79a3094: ;   {other}
  0x000002c8f79a3094: 0f1f 8400 | 0404 0001 | 488b 9424 | 9800 0000 | 8b72 1c44 | 0fbe 460c | 4183 e001 | 4183 f800 
  0x000002c8f79a30b4: 0f84 c200 | 0000 8b7a | 1448 83f8 | 000f 848b | 0000 00e9 | 3e00 0000 | 488b 9424 | 9800 0000 
  0x000002c8f79a30d4: 498b 8700 | 0500 004d | 33d2 4d89 | 9700 0500 | 004d 33d2 | 4d89 9708 | 0500 008b | 721c 440f 
  0x000002c8f79a30f4: be46 0c41 | 83e0 0141 | 83f8 000f | 84b7 0000 | 00e9 8800 | 0000 8b52 | 184c 8bc7 | 4c8b c848 
  0x000002c8f79a3114: 8bfa 488b | d648 8984 | 24c0 0000 | 0066 0f1f 

  0x000002c8f79a3124: ;   {optimized virtual_call}
  0x000002c8f79a3124: 4400 00e8 

  0x000002c8f79a3128: ; ImmutableOopMap {[192]=Oop }
                      ;*invokevirtual dumpClass {reexecute=0 rethrow=0 return_oop=0}
                      ; - java.lang.invoke.MethodHandles$Lookup$ClassDefiner::defineClass@134 (line 2513)
  0x000002c8f79a3128: 54bd aaff 

  0x000002c8f79a312c: ;   {other}
  0x000002c8f79a312c: 0f1f 8400 | 9c04 0002 | 488b 8424 | c000 0000 | 4881 c4e0 | 0000 005d 

  0x000002c8f79a3144: ;   {poll_return}
  0x000002c8f79a3144: 493b a750 | 0400 000f | 87d1 0000 | 00c3 4889 | 8424 c000 | 0000 448b | 4a18 4c8b | c748 8bd6 
  0x000002c8f79a3164: ;   {optimized virtual_call}
  0x000002c8f79a3164: 6666 90e8 

  0x000002c8f79a3168: ; ImmutableOopMap {[192]=Oop }
                      ;*invokevirtual dumpFailedClass {reexecute=0 rethrow=0 return_oop=0}
                      ; - java.lang.invoke.MethodHandles$Lookup$ClassDefiner::defineClass@150 (line 2515)
  0x000002c8f79a3168: 14bd aaff 

  0x000002c8f79a316c: ;   {other}
  0x000002c8f79a316c: 0f1f 8400 | dc04 0003 | 488b 8424 | c000 0000 | 4881 c4e0 | 0000 005d 

  0x000002c8f79a3184: ;   {poll_return}
  0x000002c8f79a3184: 493b a750 | 0400 000f | 87a7 0000 | 00c3 4889 | 8424 c800 | 0000 448b | 4214 448b | 4a18 488b 
  0x000002c8f79a31a4: ;   {optimized virtual_call}
  0x000002c8f79a31a4: d666 90e8 

  0x000002c8f79a31a8: ; ImmutableOopMap {[200]=Oop }
                      ;*invokevirtual dumpFailedClass {reexecute=0 rethrow=0 return_oop=0}
                      ; - java.lang.invoke.MethodHandles$Lookup$ClassDefiner::defineClass@207 (line 2515)
  0x000002c8f79a31a8: d4bc aaff 

  0x000002c8f79a31ac: ;   {other}
  0x000002c8f79a31ac: 0f1f 8400 | 1c05 0004 | 488b 8424 | c800 0000 | e9aa 0000 

  0x000002c8f79a31c0: ;   {runtime_call throw_null_pointer_exception Runtime1 stub}
  0x000002c8f79a31c0: 00e8 da23 

  0x000002c8f79a31c4: ; ImmutableOopMap {rdx=Oop r9=Oop rsi=Oop [144]=Oop [152]=Oop [184]=Oop }
                      ;*invokevirtual lookupClass {reexecute=0 rethrow=0 return_oop=0}
                      ; - java.lang.invoke.MethodHandles$Lookup$ClassDefiner::defineClass@4 (line 2499)
                      ;   {runtime_call throw_null_pointer_exception Runtime1 stub}
  0x000002c8f79a31c4: b7ff e8d5 

  0x000002c8f79a31c8: ; ImmutableOopMap {rdx=Oop r9=Oop rsi=Oop rdi=Oop [144]=Oop [152]=Oop [168]=Oop [184]=Oop }
                      ;*invokevirtual getClassLoader {reexecute=0 rethrow=0 return_oop=0}
                      ; - java.lang.invoke.MethodHandles$Lookup$ClassDefiner::defineClass@9 (line 2500)
                      ;   {runtime_call throw_incompatible_class_change_error Runtime1 stub}
  0x000002c8f79a31c8: 23b7 ffe8 

  0x000002c8f79a31cc: ; ImmutableOopMap {rax=Oop rcx=Oop [144]=Oop [152]=Oop [160]=Oop [168]=Oop [184]=Oop }
                      ;*invokeinterface protectionDomain {reexecute=0 rethrow=0 return_oop=0}
                      ; - java.lang.invoke.MethodHandles$Lookup::lookupClassProtectionDomain@17 (line 2544)
                      ; - java.lang.invoke.MethodHandles$Lookup$ClassDefiner::defineClass@23 (line 2501)
  0x000002c8f79a31cc: d052 b7ff 

  0x000002c8f79a31d0: ;   {runtime_call throw_null_pointer_exception Runtime1 stub}
  0x000002c8f79a31d0: e8cb 23b7 

  0x000002c8f79a31d4: ; ImmutableOopMap {rcx=Oop [144]=Oop [152]=Oop [160]=Oop [168]=Oop [184]=Oop }
                      ;*invokeinterface protectionDomain {reexecute=0 rethrow=0 return_oop=0}
                      ; - java.lang.invoke.MethodHandles$Lookup::lookupClassProtectionDomain@17 (line 2544)
                      ; - java.lang.invoke.MethodHandles$Lookup$ClassDefiner::defineClass@23 (line 2501)
                      ;   {runtime_call throw_null_pointer_exception Runtime1 stub}
  0x000002c8f79a31d4: ffe8 c623 

  0x000002c8f79a31d8: ; ImmutableOopMap {rcx=Oop [144]=Oop [152]=Oop [160]=Oop [168]=Oop [184]=Oop }
                      ;*invokevirtual protectionDomain {reexecute=0 rethrow=0 return_oop=0}
                      ; - java.lang.System$2::protectionDomain@1 (line 2514)
                      ; - java.lang.invoke.MethodHandles$Lookup::lookupClassProtectionDomain@17 (line 2544)
                      ; - java.lang.invoke.MethodHandles$Lookup$ClassDefiner::defineClass@23 (line 2501)
  0x000002c8f79a31d8: b7ff 448b | 4618 4983 | f800 0f84 | d3fd ffff | 4c89 0424 

  0x000002c8f79a31ec: ;   {runtime_call g1_pre_barrier_slow}
  0x000002c8f79a31ec: e80f 8db7 | ffe9 c5fd | ffff 4883 | f800 0f84 | dcfd ffff | 4889 3424 

  0x000002c8f79a3204: ;   {runtime_call g1_post_barrier_slow}
  0x000002c8f79a3204: e877 90b7 | ffe9 cefd 

  0x000002c8f79a320c: ;   {runtime_call throw_incompatible_class_change_error Runtime1 stub}
  0x000002c8f79a320c: ffff e88d 

  0x000002c8f79a3210: ; ImmutableOopMap {rax=Oop rdi=Oop rbx=Oop r14=Oop rsi=Oop rcx=Oop [152]=Oop [168]=Oop [184]=Oop }
                      ;*invokeinterface defineClass {reexecute=0 rethrow=0 return_oop=0}
                      ; - java.lang.invoke.MethodHandles$Lookup$ClassDefiner::defineClass@57 (line 2505)
                      ;   {runtime_call throw_null_pointer_exception Runtime1 stub}
  0x000002c8f79a3210: 52b7 ffe8 

  0x000002c8f79a3214: ; ImmutableOopMap {rax=Oop rdi=Oop rbx=Oop r14=Oop rsi=Oop rcx=Oop [152]=Oop [168]=Oop [184]=Oop }
                      ;*invokeinterface defineClass {reexecute=0 rethrow=0 return_oop=0}
                      ; - java.lang.invoke.MethodHandles$Lookup$ClassDefiner::defineClass@57 (line 2505)
  0x000002c8f79a3214: 8823 b7ff 

  0x000002c8f79a3218: ;   {runtime_call throw_null_pointer_exception Runtime1 stub}
  0x000002c8f79a3218: e883 23b7 

  0x000002c8f79a321c: ; ImmutableOopMap {rax=Oop rdx=Oop rsi=Oop [152]=Oop }
                      ;*invokevirtual isEnabled {reexecute=0 rethrow=0 return_oop=0}
                      ; - java.lang.invoke.MethodHandles$Lookup$ClassDefiner::defineClass@105 (line 2510)
                      ;   {runtime_call throw_null_pointer_exception Runtime1 stub}
  0x000002c8f79a321c: ffe8 7e23 

  0x000002c8f79a3220: ; ImmutableOopMap {rdx=Oop rax=Oop rsi=Oop [152]=Oop }
                      ;*invokevirtual isEnabled {reexecute=0 rethrow=0 return_oop=0}
                      ; - java.lang.invoke.MethodHandles$Lookup$ClassDefiner::defineClass@162 (line 2510)
                      ;   {internal_word}
  0x000002c8f79a3220: b7ff 49ba | 4431 9af7 | c802 0000 | 4d89 9768 

  0x000002c8f79a3230: ;   {runtime_call SafepointBlob}
  0x000002c8f79a3230: 0400 00e9 | 4839 abff 

  0x000002c8f79a3238: ;   {internal_word}
  0x000002c8f79a3238: 49ba 8431 | 9af7 c802 | 0000 4d89 | 9768 0400 

  0x000002c8f79a3248: ;   {runtime_call SafepointBlob}
  0x000002c8f79a3248: 00e9 3239 | abff 498b | 8700 0500 | 0049 c787 | 0005 0000 | 0000 0000 | 49c7 8708 | 0500 0000 
  0x000002c8f79a3268: 0000 0048 | 81c4 e000 

  0x000002c8f79a3270: ;   {runtime_call unwind_exception Runtime1 stub}
  0x000002c8f79a3270: 0000 5de9 | 880d b7ff 
[Stub Code]
  0x000002c8f79a3278: ;   {no_reloc}
  0x000002c8f79a3278: 0f1f 4400 

  0x000002c8f79a327c: ;   {static_stub}
  0x000002c8f79a327c: 0048 bb88 | 9401 80c8 

  0x000002c8f79a3284: ;   {runtime_call I2C/C2I adapters}
  0x000002c8f79a3284: 0200 00e9 | aa48 acff 

  0x000002c8f79a328c: ;   {static_stub}
  0x000002c8f79a328c: 48bb 88e2 | 4680 c802 

  0x000002c8f79a3294: ;   {runtime_call I2C/C2I adapters}
  0x000002c8f79a3294: 0000 e9e8 

  0x000002c8f79a3298: ;   {static_stub}
  0x000002c8f79a3298: 0bab ff48 | bb00 0000 | 0000 0000 

  0x000002c8f79a32a4: ;   {runtime_call}
  0x000002c8f79a32a4: 00e9 fbff 

  0x000002c8f79a32a8: ;   {static_stub}
  0x000002c8f79a32a8: ffff 48bb | 0000 0000 | 0000 0000 

  0x000002c8f79a32b4: ;   {runtime_call}
  0x000002c8f79a32b4: e9fb ffff 

  0x000002c8f79a32b8: ;   {runtime_call handle_exception_from_callee Runtime1 stub}
  0x000002c8f79a32b8: ffe8 c248 

  0x000002c8f79a32bc: ;   {external_word}
  0x000002c8f79a32bc: b7ff 48b9 | e027 b921 | fe7f 0000 | 4883 e4f0 

  0x000002c8f79a32cc: ;   {runtime_call}
  0x000002c8f79a32cc: 48b8 e00f | 8121 fe7f | 0000 ffd0 

  0x000002c8f79a32d8: ;   {section_word}
  0x000002c8f79a32d8: f449 bad9 | 329a f7c8 | 0200 0041 

  0x000002c8f79a32e4: ;   {runtime_call DeoptimizationBlob}
  0x000002c8f79a32e4: 52e9 364d | abff f4f4 | f4f4 f4f4 
[/MachCode]


---------------  P R O C E S S  ---------------

Threads class SMR info:
_java_thread_list=0x000002c8c60e2c10, length=15, elements={
0x000002c8eefbcb30, 0x000002c8ff63b7c0, 0x000002c8ff63c310, 0x000002c8ff641610,
0x000002c8ff642160, 0x000002c8ff643c60, 0x000002c8ff646f60, 0x000002c8ff652e40,
0x000002c8ff813cc0, 0x000002c8ff874f30, 0x000002c8ff87b600, 0x000002c8ffbc9a80,
0x000002c8ffbcc9b0, 0x000002c8c51ba5f0, 0x000002c8c527f360
}

Java Threads: ( => current thread )
=>0x000002c8eefbcb30 JavaThread "main"                              [_thread_in_vm, id=2516, stack(0x000000f0ce000000,0x000000f0ce100000) (1024K)]
  0x000002c8ff63b7c0 JavaThread "Reference Handler"          daemon [_thread_blocked, id=20712, stack(0x000000f0ce800000,0x000000f0ce900000) (1024K)]
  0x000002c8ff63c310 JavaThread "Finalizer"                  daemon [_thread_blocked, id=16472, stack(0x000000f0ce900000,0x000000f0cea00000) (1024K)]
  0x000002c8ff641610 JavaThread "Signal Dispatcher"          daemon [_thread_blocked, id=23024, stack(0x000000f0cea00000,0x000000f0ceb00000) (1024K)]
  0x000002c8ff642160 JavaThread "Attach Listener"            daemon [_thread_blocked, id=5868, stack(0x000000f0ceb00000,0x000000f0cec00000) (1024K)]
  0x000002c8ff643c60 JavaThread "Service Thread"             daemon [_thread_blocked, id=8660, stack(0x000000f0cec00000,0x000000f0ced00000) (1024K)]
  0x000002c8ff646f60 JavaThread "Monitor Deflation Thread"   daemon [_thread_blocked, id=5296, stack(0x000000f0ced00000,0x000000f0cee00000) (1024K)]
  0x000002c8ff652e40 JavaThread "C1 CompilerThread0"         daemon [_thread_blocked, id=24324, stack(0x000000f0cee00000,0x000000f0cef00000) (1024K)]
  0x000002c8ff813cc0 JavaThread "Common-Cleaner"             daemon [_thread_blocked, id=10980, stack(0x000000f0cef00000,0x000000f0cf000000) (1024K)]
  0x000002c8ff874f30 JavaThread "C1 CompilerThread1"         daemon [_thread_blocked, id=24544, stack(0x000000f0cf000000,0x000000f0cf100000) (1024K)]
  0x000002c8ff87b600 JavaThread "C1 CompilerThread2"         daemon [_thread_blocked, id=14308, stack(0x000000f0cf100000,0x000000f0cf200000) (1024K)]
  0x000002c8ffbc9a80 JavaThread "Monitor Ctrl-Break"         daemon [_thread_in_native, id=17000, stack(0x000000f0cf200000,0x000000f0cf300000) (1024K)]
  0x000002c8ffbcc9b0 JavaThread "Notification Thread"        daemon [_thread_blocked, id=20500, stack(0x000000f0cf300000,0x000000f0cf400000) (1024K)]
  0x000002c8c51ba5f0 JavaThread "C1 CompilerThread3"         daemon [_thread_blocked, id=20592, stack(0x000000f0cf400000,0x000000f0cf500000) (1024K)]
  0x000002c8c527f360 JavaThread "RMI TCP Accept-0"           daemon [_thread_in_native, id=18816, stack(0x000000f0cf500000,0x000000f0cf600000) (1024K)]
Total: 15

Other Threads:
  0x000002c8ff61cdd0 VMThread "VM Thread"                           [id=20664, stack(0x000000f0ce700000,0x000000f0ce800000) (1024K)]
  0x000002c8ff605e00 WatcherThread "VM Periodic Task Thread"        [id=19528, stack(0x000000f0ce600000,0x000000f0ce700000) (1024K)]
  0x000002c8ef011820 WorkerThread "GC Thread#0"                     [id=7760, stack(0x000000f0ce100000,0x000000f0ce200000) (1024K)]
  0x000002c8c5662a00 WorkerThread "GC Thread#1"                     [id=9920, stack(0x000000f0cf800000,0x000000f0cf900000) (1024K)]
  0x000002c8c5662da0 WorkerThread "GC Thread#2"                     [id=12876, stack(0x000000f0cf900000,0x000000f0cfa00000) (1024K)]
  0x000002c8c56783b0 WorkerThread "GC Thread#3"                     [id=2004, stack(0x000000f0cfa00000,0x000000f0cfb00000) (1024K)]
  0x000002c8c56ea710 WorkerThread "GC Thread#4"                     [id=7872, stack(0x000000f0cfb00000,0x000000f0cfc00000) (1024K)]
  0x000002c8c56eb2c0 WorkerThread "GC Thread#5"                     [id=16640, stack(0x000000f0cf700000,0x000000f0cf800000) (1024K)]
  0x000002c8c56ebe70 WorkerThread "GC Thread#6"                     [id=23364, stack(0x000000f0cfc00000,0x000000f0cfd00000) (1024K)]
  0x000002c8c56eea90 WorkerThread "GC Thread#7"                     [id=22748, stack(0x000000f0cfd00000,0x000000f0cfe00000) (1024K)]
  0x000002c8ef0220c0 ConcurrentGCThread "G1 Main Marker"            [id=18344, stack(0x000000f0ce200000,0x000000f0ce300000) (1024K)]
  0x000002c8ef023df0 WorkerThread "G1 Conc#0"                       [id=8112, stack(0x000000f0ce300000,0x000000f0ce400000) (1024K)]
  0x000002c8ff4d8500 ConcurrentGCThread "G1 Refine#0"               [id=17116, stack(0x000000f0ce400000,0x000000f0ce500000) (1024K)]
  0x000002c8ff4d9070 ConcurrentGCThread "G1 Service"                [id=3960, stack(0x000000f0ce500000,0x000000f0ce600000) (1024K)]
Total: 14

Threads with active compile tasks:
Total: 0

VM state: not at safepoint (normal execution)

VM Mutex/Monitor currently owned by a thread:  ([mutex/lock_event])
[0x00007ffe21e28578] Metaspace_lock - owner thread: 0x000002c8eefbcb30

Heap address: 0x0000000084e00000, size: 1970 MB, Compressed Oops mode: 32-bit

CDS archive(s) mapped at: [0x000002c880000000-0x000002c880c90000-0x000002c880c90000), size 13172736, SharedBaseAddress: 0x000002c880000000, ArchiveRelocationMode: 1.
Compressed class space mapped at: 0x000002c881000000-0x000002c8c1000000, reserved size: 1073741824
Narrow klass base: 0x000002c880000000, Narrow klass shift: 0, Narrow klass range: 0x100000000

GC Precious Log:
 CardTable entry size: 512
 Card Set container configuration: InlinePtr #cards 5 size 8 Array Of Cards #cards 12 size 40 Howl #buckets 4 coarsen threshold 1843 Howl Bitmap #cards 512 size 80 coarsen threshold 460 Card regions per heap region 1 cards per card region 2048
 CPUs: 8 total, 8 available
 Memory: 7876M
 Large Page Support: Disabled
 NUMA Support: Disabled
 Compressed Oops: Enabled (32-bit)
 Heap Region Size: 1M
 Heap Min Capacity: 8M
 Heap Initial Capacity: 124M
 Heap Max Capacity: 1970M
 Pre-touch: Disabled
 Parallel Workers: 8
 Concurrent Workers: 2
 Concurrent Refinement Workers: 8
 Periodic GC: Disabled

Heap:
 garbage-first heap   total 126976K, used 41026K [0x0000000084e00000, 0x0000000100000000)
  region size 1024K, 35 young (35840K), 3 survivors (3072K)
 Metaspace       used 20068K, committed 20288K, reserved 1114112K
  class space    used 2649K, committed 2752K, reserved 1048576K

Heap Regions: E=young(eden), S=young(survivor), O=old, HS=humongous(starts), HC=humongous(continues), CS=collection set, F=free, TAMS=top-at-mark-start, PB=parsable bottom
|   0|0x0000000084e00000, 0x0000000084f00000, 0x0000000084f00000|100%|HS|  |TAMS 0x0000000084e00000| PB 0x0000000084e00000| Complete 
|   1|0x0000000084f00000, 0x0000000085000000, 0x0000000085000000|100%| O|  |TAMS 0x0000000084f00000| PB 0x0000000084f00000| Untracked 
|   2|0x0000000085000000, 0x0000000085100000, 0x0000000085100000|100%| O|  |TAMS 0x0000000085000000| PB 0x0000000085000000| Untracked 
|   3|0x0000000085100000, 0x0000000085200000, 0x0000000085200000|100%| O|  |TAMS 0x0000000085100000| PB 0x0000000085100000| Untracked 
|   4|0x0000000085200000, 0x0000000085300000, 0x0000000085300000|100%| O|  |TAMS 0x0000000085200000| PB 0x0000000085200000| Untracked 
|   5|0x0000000085300000, 0x0000000085400000, 0x0000000085400000|100%| O|  |TAMS 0x0000000085300000| PB 0x0000000085300000| Untracked 
|   6|0x0000000085400000, 0x0000000085500000, 0x0000000085500000|100%| O|  |TAMS 0x0000000085400000| PB 0x0000000085400000| Untracked 
|   7|0x0000000085500000, 0x00000000855e9028, 0x0000000085600000| 91%| O|  |TAMS 0x0000000085500000| PB 0x0000000085500000| Untracked 
|   8|0x0000000085600000, 0x0000000085600000, 0x0000000085700000|  0%| F|  |TAMS 0x0000000085600000| PB 0x0000000085600000| Untracked 
|   9|0x0000000085700000, 0x0000000085700000, 0x0000000085800000|  0%| F|  |TAMS 0x0000000085700000| PB 0x0000000085700000| Untracked 
|  10|0x0000000085800000, 0x0000000085800000, 0x0000000085900000|  0%| F|  |TAMS 0x0000000085800000| PB 0x0000000085800000| Untracked 
|  11|0x0000000085900000, 0x0000000085900000, 0x0000000085a00000|  0%| F|  |TAMS 0x0000000085900000| PB 0x0000000085900000| Untracked 
|  12|0x0000000085a00000, 0x0000000085a00000, 0x0000000085b00000|  0%| F|  |TAMS 0x0000000085a00000| PB 0x0000000085a00000| Untracked 
|  13|0x0000000085b00000, 0x0000000085b00000, 0x0000000085c00000|  0%| F|  |TAMS 0x0000000085b00000| PB 0x0000000085b00000| Untracked 
|  14|0x0000000085c00000, 0x0000000085c00000, 0x0000000085d00000|  0%| F|  |TAMS 0x0000000085c00000| PB 0x0000000085c00000| Untracked 
|  15|0x0000000085d00000, 0x0000000085d00000, 0x0000000085e00000|  0%| F|  |TAMS 0x0000000085d00000| PB 0x0000000085d00000| Untracked 
|  16|0x0000000085e00000, 0x0000000085e00000, 0x0000000085f00000|  0%| F|  |TAMS 0x0000000085e00000| PB 0x0000000085e00000| Untracked 
|  17|0x0000000085f00000, 0x0000000085f00000, 0x0000000086000000|  0%| F|  |TAMS 0x0000000085f00000| PB 0x0000000085f00000| Untracked 
|  18|0x0000000086000000, 0x0000000086000000, 0x0000000086100000|  0%| F|  |TAMS 0x0000000086000000| PB 0x0000000086000000| Untracked 
|  19|0x0000000086100000, 0x0000000086100000, 0x0000000086200000|  0%| F|  |TAMS 0x0000000086100000| PB 0x0000000086100000| Untracked 
|  20|0x0000000086200000, 0x0000000086200000, 0x0000000086300000|  0%| F|  |TAMS 0x0000000086200000| PB 0x0000000086200000| Untracked 
|  21|0x0000000086300000, 0x0000000086300000, 0x0000000086400000|  0%| F|  |TAMS 0x0000000086300000| PB 0x0000000086300000| Untracked 
|  22|0x0000000086400000, 0x0000000086400000, 0x0000000086500000|  0%| F|  |TAMS 0x0000000086400000| PB 0x0000000086400000| Untracked 
|  23|0x0000000086500000, 0x0000000086500000, 0x0000000086600000|  0%| F|  |TAMS 0x0000000086500000| PB 0x0000000086500000| Untracked 
|  24|0x0000000086600000, 0x0000000086600000, 0x0000000086700000|  0%| F|  |TAMS 0x0000000086600000| PB 0x0000000086600000| Untracked 
|  25|0x0000000086700000, 0x0000000086700000, 0x0000000086800000|  0%| F|  |TAMS 0x0000000086700000| PB 0x0000000086700000| Untracked 
|  26|0x0000000086800000, 0x0000000086800000, 0x0000000086900000|  0%| F|  |TAMS 0x0000000086800000| PB 0x0000000086800000| Untracked 
|  27|0x0000000086900000, 0x0000000086900000, 0x0000000086a00000|  0%| F|  |TAMS 0x0000000086900000| PB 0x0000000086900000| Untracked 
|  28|0x0000000086a00000, 0x0000000086a00000, 0x0000000086b00000|  0%| F|  |TAMS 0x0000000086a00000| PB 0x0000000086a00000| Untracked 
|  29|0x0000000086b00000, 0x0000000086b00000, 0x0000000086c00000|  0%| F|  |TAMS 0x0000000086b00000| PB 0x0000000086b00000| Untracked 
|  30|0x0000000086c00000, 0x0000000086c00000, 0x0000000086d00000|  0%| F|  |TAMS 0x0000000086c00000| PB 0x0000000086c00000| Untracked 
|  31|0x0000000086d00000, 0x0000000086d00000, 0x0000000086e00000|  0%| F|  |TAMS 0x0000000086d00000| PB 0x0000000086d00000| Untracked 
|  32|0x0000000086e00000, 0x0000000086e00000, 0x0000000086f00000|  0%| F|  |TAMS 0x0000000086e00000| PB 0x0000000086e00000| Untracked 
|  33|0x0000000086f00000, 0x0000000086f00000, 0x0000000087000000|  0%| F|  |TAMS 0x0000000086f00000| PB 0x0000000086f00000| Untracked 
|  34|0x0000000087000000, 0x0000000087000000, 0x0000000087100000|  0%| F|  |TAMS 0x0000000087000000| PB 0x0000000087000000| Untracked 
|  35|0x0000000087100000, 0x0000000087100000, 0x0000000087200000|  0%| F|  |TAMS 0x0000000087100000| PB 0x0000000087100000| Untracked 
|  36|0x0000000087200000, 0x0000000087200000, 0x0000000087300000|  0%| F|  |TAMS 0x0000000087200000| PB 0x0000000087200000| Untracked 
|  37|0x0000000087300000, 0x0000000087300000, 0x0000000087400000|  0%| F|  |TAMS 0x0000000087300000| PB 0x0000000087300000| Untracked 
|  38|0x0000000087400000, 0x0000000087400000, 0x0000000087500000|  0%| F|  |TAMS 0x0000000087400000| PB 0x0000000087400000| Untracked 
|  39|0x0000000087500000, 0x0000000087500000, 0x0000000087600000|  0%| F|  |TAMS 0x0000000087500000| PB 0x0000000087500000| Untracked 
|  40|0x0000000087600000, 0x0000000087600000, 0x0000000087700000|  0%| F|  |TAMS 0x0000000087600000| PB 0x0000000087600000| Untracked 
|  41|0x0000000087700000, 0x0000000087700000, 0x0000000087800000|  0%| F|  |TAMS 0x0000000087700000| PB 0x0000000087700000| Untracked 
|  42|0x0000000087800000, 0x0000000087800000, 0x0000000087900000|  0%| F|  |TAMS 0x0000000087800000| PB 0x0000000087800000| Untracked 
|  43|0x0000000087900000, 0x0000000087900000, 0x0000000087a00000|  0%| F|  |TAMS 0x0000000087900000| PB 0x0000000087900000| Untracked 
|  44|0x0000000087a00000, 0x0000000087a00000, 0x0000000087b00000|  0%| F|  |TAMS 0x0000000087a00000| PB 0x0000000087a00000| Untracked 
|  45|0x0000000087b00000, 0x0000000087b00000, 0x0000000087c00000|  0%| F|  |TAMS 0x0000000087b00000| PB 0x0000000087b00000| Untracked 
|  46|0x0000000087c00000, 0x0000000087c00000, 0x0000000087d00000|  0%| F|  |TAMS 0x0000000087c00000| PB 0x0000000087c00000| Untracked 
|  47|0x0000000087d00000, 0x0000000087d00000, 0x0000000087e00000|  0%| F|  |TAMS 0x0000000087d00000| PB 0x0000000087d00000| Untracked 
|  48|0x0000000087e00000, 0x0000000087e00000, 0x0000000087f00000|  0%| F|  |TAMS 0x0000000087e00000| PB 0x0000000087e00000| Untracked 
|  49|0x0000000087f00000, 0x0000000087f00000, 0x0000000088000000|  0%| F|  |TAMS 0x0000000087f00000| PB 0x0000000087f00000| Untracked 
|  50|0x0000000088000000, 0x0000000088000000, 0x0000000088100000|  0%| F|  |TAMS 0x0000000088000000| PB 0x0000000088000000| Untracked 
|  51|0x0000000088100000, 0x0000000088100000, 0x0000000088200000|  0%| F|  |TAMS 0x0000000088100000| PB 0x0000000088100000| Untracked 
|  52|0x0000000088200000, 0x0000000088200000, 0x0000000088300000|  0%| F|  |TAMS 0x0000000088200000| PB 0x0000000088200000| Untracked 
|  53|0x0000000088300000, 0x0000000088300000, 0x0000000088400000|  0%| F|  |TAMS 0x0000000088300000| PB 0x0000000088300000| Untracked 
|  54|0x0000000088400000, 0x0000000088400000, 0x0000000088500000|  0%| F|  |TAMS 0x0000000088400000| PB 0x0000000088400000| Untracked 
|  55|0x0000000088500000, 0x0000000088500000, 0x0000000088600000|  0%| F|  |TAMS 0x0000000088500000| PB 0x0000000088500000| Untracked 
|  56|0x0000000088600000, 0x0000000088600000, 0x0000000088700000|  0%| F|  |TAMS 0x0000000088600000| PB 0x0000000088600000| Untracked 
|  57|0x0000000088700000, 0x0000000088700000, 0x0000000088800000|  0%| F|  |TAMS 0x0000000088700000| PB 0x0000000088700000| Untracked 
|  58|0x0000000088800000, 0x0000000088800000, 0x0000000088900000|  0%| F|  |TAMS 0x0000000088800000| PB 0x0000000088800000| Untracked 
|  59|0x0000000088900000, 0x0000000088900000, 0x0000000088a00000|  0%| F|  |TAMS 0x0000000088900000| PB 0x0000000088900000| Untracked 
|  60|0x0000000088a00000, 0x0000000088a00000, 0x0000000088b00000|  0%| F|  |TAMS 0x0000000088a00000| PB 0x0000000088a00000| Untracked 
|  61|0x0000000088b00000, 0x0000000088b00000, 0x0000000088c00000|  0%| F|  |TAMS 0x0000000088b00000| PB 0x0000000088b00000| Untracked 
|  62|0x0000000088c00000, 0x0000000088c00000, 0x0000000088d00000|  0%| F|  |TAMS 0x0000000088c00000| PB 0x0000000088c00000| Untracked 
|  63|0x0000000088d00000, 0x0000000088d00000, 0x0000000088e00000|  0%| F|  |TAMS 0x0000000088d00000| PB 0x0000000088d00000| Untracked 
|  64|0x0000000088e00000, 0x0000000088e00000, 0x0000000088f00000|  0%| F|  |TAMS 0x0000000088e00000| PB 0x0000000088e00000| Untracked 
|  65|0x0000000088f00000, 0x0000000088f00000, 0x0000000089000000|  0%| F|  |TAMS 0x0000000088f00000| PB 0x0000000088f00000| Untracked 
|  66|0x0000000089000000, 0x0000000089000000, 0x0000000089100000|  0%| F|  |TAMS 0x0000000089000000| PB 0x0000000089000000| Untracked 
|  67|0x0000000089100000, 0x0000000089100000, 0x0000000089200000|  0%| F|  |TAMS 0x0000000089100000| PB 0x0000000089100000| Untracked 
|  68|0x0000000089200000, 0x0000000089200000, 0x0000000089300000|  0%| F|  |TAMS 0x0000000089200000| PB 0x0000000089200000| Untracked 
|  69|0x0000000089300000, 0x0000000089300000, 0x0000000089400000|  0%| F|  |TAMS 0x0000000089300000| PB 0x0000000089300000| Untracked 
|  70|0x0000000089400000, 0x0000000089400000, 0x0000000089500000|  0%| F|  |TAMS 0x0000000089400000| PB 0x0000000089400000| Untracked 
|  71|0x0000000089500000, 0x0000000089500000, 0x0000000089600000|  0%| F|  |TAMS 0x0000000089500000| PB 0x0000000089500000| Untracked 
|  72|0x0000000089600000, 0x0000000089600000, 0x0000000089700000|  0%| F|  |TAMS 0x0000000089600000| PB 0x0000000089600000| Untracked 
|  73|0x0000000089700000, 0x0000000089700000, 0x0000000089800000|  0%| F|  |TAMS 0x0000000089700000| PB 0x0000000089700000| Untracked 
|  74|0x0000000089800000, 0x0000000089800000, 0x0000000089900000|  0%| F|  |TAMS 0x0000000089800000| PB 0x0000000089800000| Untracked 
|  75|0x0000000089900000, 0x0000000089900000, 0x0000000089a00000|  0%| F|  |TAMS 0x0000000089900000| PB 0x0000000089900000| Untracked 
|  76|0x0000000089a00000, 0x0000000089a00000, 0x0000000089b00000|  0%| F|  |TAMS 0x0000000089a00000| PB 0x0000000089a00000| Untracked 
|  77|0x0000000089b00000, 0x0000000089b00000, 0x0000000089c00000|  0%| F|  |TAMS 0x0000000089b00000| PB 0x0000000089b00000| Untracked 
|  78|0x0000000089c00000, 0x0000000089c00000, 0x0000000089d00000|  0%| F|  |TAMS 0x0000000089c00000| PB 0x0000000089c00000| Untracked 
|  79|0x0000000089d00000, 0x0000000089d00000, 0x0000000089e00000|  0%| F|  |TAMS 0x0000000089d00000| PB 0x0000000089d00000| Untracked 
|  80|0x0000000089e00000, 0x0000000089e00000, 0x0000000089f00000|  0%| F|  |TAMS 0x0000000089e00000| PB 0x0000000089e00000| Untracked 
|  81|0x0000000089f00000, 0x0000000089f00000, 0x000000008a000000|  0%| F|  |TAMS 0x0000000089f00000| PB 0x0000000089f00000| Untracked 
|  82|0x000000008a000000, 0x000000008a000000, 0x000000008a100000|  0%| F|  |TAMS 0x000000008a000000| PB 0x000000008a000000| Untracked 
|  83|0x000000008a100000, 0x000000008a100000, 0x000000008a200000|  0%| F|  |TAMS 0x000000008a100000| PB 0x000000008a100000| Untracked 
|  84|0x000000008a200000, 0x000000008a200000, 0x000000008a300000|  0%| F|  |TAMS 0x000000008a200000| PB 0x000000008a200000| Untracked 
|  85|0x000000008a300000, 0x000000008a300000, 0x000000008a400000|  0%| F|  |TAMS 0x000000008a300000| PB 0x000000008a300000| Untracked 
|  86|0x000000008a400000, 0x000000008a400000, 0x000000008a500000|  0%| F|  |TAMS 0x000000008a400000| PB 0x000000008a400000| Untracked 
|  87|0x000000008a500000, 0x000000008a500000, 0x000000008a600000|  0%| F|  |TAMS 0x000000008a500000| PB 0x000000008a500000| Untracked 
|  88|0x000000008a600000, 0x000000008a600000, 0x000000008a700000|  0%| F|  |TAMS 0x000000008a600000| PB 0x000000008a600000| Untracked 
|  89|0x000000008a700000, 0x000000008a765438, 0x000000008a800000| 39%| E|  |TAMS 0x000000008a700000| PB 0x000000008a700000| Complete 
|  90|0x000000008a800000, 0x000000008a900000, 0x000000008a900000|100%| E|CS|TAMS 0x000000008a800000| PB 0x000000008a800000| Complete 
|  91|0x000000008a900000, 0x000000008aa00000, 0x000000008aa00000|100%| E|CS|TAMS 0x000000008a900000| PB 0x000000008a900000| Complete 
|  92|0x000000008aa00000, 0x000000008aa27a30, 0x000000008ab00000| 15%| S|CS|TAMS 0x000000008aa00000| PB 0x000000008aa00000| Complete 
|  93|0x000000008ab00000, 0x000000008ac00000, 0x000000008ac00000|100%| S|CS|TAMS 0x000000008ab00000| PB 0x000000008ab00000| Complete 
|  94|0x000000008ac00000, 0x000000008ad00000, 0x000000008ad00000|100%| S|CS|TAMS 0x000000008ac00000| PB 0x000000008ac00000| Complete 
|  95|0x000000008ad00000, 0x000000008ae00000, 0x000000008ae00000|100%| E|CS|TAMS 0x000000008ad00000| PB 0x000000008ad00000| Complete 
|  96|0x000000008ae00000, 0x000000008af00000, 0x000000008af00000|100%| E|CS|TAMS 0x000000008ae00000| PB 0x000000008ae00000| Complete 
|  97|0x000000008af00000, 0x000000008b000000, 0x000000008b000000|100%| E|CS|TAMS 0x000000008af00000| PB 0x000000008af00000| Complete 
|  98|0x000000008b000000, 0x000000008b100000, 0x000000008b100000|100%| E|CS|TAMS 0x000000008b000000| PB 0x000000008b000000| Complete 
|  99|0x000000008b100000, 0x000000008b200000, 0x000000008b200000|100%| E|CS|TAMS 0x000000008b100000| PB 0x000000008b100000| Complete 
| 100|0x000000008b200000, 0x000000008b300000, 0x000000008b300000|100%| E|CS|TAMS 0x000000008b200000| PB 0x000000008b200000| Complete 
| 101|0x000000008b300000, 0x000000008b400000, 0x000000008b400000|100%| E|CS|TAMS 0x000000008b300000| PB 0x000000008b300000| Complete 
| 102|0x000000008b400000, 0x000000008b500000, 0x000000008b500000|100%| E|CS|TAMS 0x000000008b400000| PB 0x000000008b400000| Complete 
| 103|0x000000008b500000, 0x000000008b600000, 0x000000008b600000|100%| E|CS|TAMS 0x000000008b500000| PB 0x000000008b500000| Complete 
| 104|0x000000008b600000, 0x000000008b700000, 0x000000008b700000|100%| E|CS|TAMS 0x000000008b600000| PB 0x000000008b600000| Complete 
| 105|0x000000008b700000, 0x000000008b800000, 0x000000008b800000|100%| E|CS|TAMS 0x000000008b700000| PB 0x000000008b700000| Complete 
| 106|0x000000008b800000, 0x000000008b900000, 0x000000008b900000|100%| E|CS|TAMS 0x000000008b800000| PB 0x000000008b800000| Complete 
| 107|0x000000008b900000, 0x000000008ba00000, 0x000000008ba00000|100%| E|CS|TAMS 0x000000008b900000| PB 0x000000008b900000| Complete 
| 108|0x000000008ba00000, 0x000000008bb00000, 0x000000008bb00000|100%| E|CS|TAMS 0x000000008ba00000| PB 0x000000008ba00000| Complete 
| 109|0x000000008bb00000, 0x000000008bc00000, 0x000000008bc00000|100%| E|  |TAMS 0x000000008bb00000| PB 0x000000008bb00000| Complete 
| 110|0x000000008bc00000, 0x000000008bd00000, 0x000000008bd00000|100%| E|CS|TAMS 0x000000008bc00000| PB 0x000000008bc00000| Complete 
| 111|0x000000008bd00000, 0x000000008be00000, 0x000000008be00000|100%| E|CS|TAMS 0x000000008bd00000| PB 0x000000008bd00000| Complete 
| 112|0x000000008be00000, 0x000000008bf00000, 0x000000008bf00000|100%| E|CS|TAMS 0x000000008be00000| PB 0x000000008be00000| Complete 
| 113|0x000000008bf00000, 0x000000008c000000, 0x000000008c000000|100%| E|CS|TAMS 0x000000008bf00000| PB 0x000000008bf00000| Complete 
| 114|0x000000008c000000, 0x000000008c100000, 0x000000008c100000|100%| E|CS|TAMS 0x000000008c000000| PB 0x000000008c000000| Complete 
| 115|0x000000008c100000, 0x000000008c200000, 0x000000008c200000|100%| E|CS|TAMS 0x000000008c100000| PB 0x000000008c100000| Complete 
| 116|0x000000008c200000, 0x000000008c300000, 0x000000008c300000|100%| E|CS|TAMS 0x000000008c200000| PB 0x000000008c200000| Complete 
| 117|0x000000008c300000, 0x000000008c400000, 0x000000008c400000|100%| E|CS|TAMS 0x000000008c300000| PB 0x000000008c300000| Complete 
| 118|0x000000008c400000, 0x000000008c500000, 0x000000008c500000|100%| E|CS|TAMS 0x000000008c400000| PB 0x000000008c400000| Complete 
| 119|0x000000008c500000, 0x000000008c600000, 0x000000008c600000|100%| E|CS|TAMS 0x000000008c500000| PB 0x000000008c500000| Complete 
| 120|0x000000008c600000, 0x000000008c700000, 0x000000008c700000|100%| E|CS|TAMS 0x000000008c600000| PB 0x000000008c600000| Complete 
| 121|0x000000008c700000, 0x000000008c800000, 0x000000008c800000|100%| E|CS|TAMS 0x000000008c700000| PB 0x000000008c700000| Complete 
| 122|0x000000008c800000, 0x000000008c900000, 0x000000008c900000|100%| E|CS|TAMS 0x000000008c800000| PB 0x000000008c800000| Complete 
| 123|0x000000008c900000, 0x000000008ca00000, 0x000000008ca00000|100%| E|CS|TAMS 0x000000008c900000| PB 0x000000008c900000| Complete 

Card table byte_map: [0x000002c8fa8f0000,0x000002c8facd0000] _byte_map_base: 0x000002c8fa4c9000

Marking Bits: (CMBitMap*) 0x000002c8ef011f20
 Bits: [0x000002c8facd0000, 0x000002c8fcb98000)

Polling page: 0x000002c8ee780000

Metaspace:

Usage:
  Non-class:     17.01 MB used.
      Class:      2.59 MB used.
       Both:     19.60 MB used.

Virtual space:
  Non-class space:       64.00 MB reserved,      17.12 MB ( 27%) committed,  1 nodes.
      Class space:        1.00 GB reserved,       2.69 MB ( <1%) committed,  1 nodes.
             Both:        1.06 GB reserved,      19.81 MB (  2%) committed. 

Chunk freelists:
   Non-Class:  14.83 MB
       Class:  13.31 MB
        Both:  28.14 MB

MaxMetaspaceSize: unlimited
CompressedClassSpaceSize: 1.00 GB
Initial GC threshold: 21.00 MB
Current GC threshold: 21.00 MB
CDS: on
 - commit_granule_bytes: 65536.
 - commit_granule_words: 8192.
 - virtual_space_node_default_size: 8388608.
 - enlarge_chunks_in_place: 1.
 - use_allocation_guard: 0.


Internal statistics:

num_allocs_failed_limit: 0.
num_arena_births: 230.
num_arena_deaths: 0.
num_vsnodes_births: 2.
num_vsnodes_deaths: 0.
num_space_committed: 317.
num_space_uncommitted: 0.
num_chunks_returned_to_freelist: 0.
num_chunks_taken_from_freelist: 773.
num_chunk_merges: 0.
num_chunk_splits: 575.
num_chunks_enlarged: 467.
num_inconsistent_stats: 0.

CodeCache: size=49152Kb used=7168Kb max_used=7168Kb free=41983Kb
 bounds [0x000002c8f7400000, 0x000002c8f7b10000, 0x000002c8fa400000]
 total_blobs=3148 nmethods=2639 adapters=429
 compilation: disabled (not enough contiguous free space left)
              stopped_count=1, restarted_count=0
 full_count=1

Compilation events (20 events):
Event: 2.053 Thread 0x000002c8ff874f30 2631       1       org.springframework.core.annotation.TypeMappedAnnotation::createIfPossible (58 bytes)
Event: 2.053 Thread 0x000002c8ff874f30 nmethod 2631 0x000002c8f7afba90 code [0x000002c8f7afbc80, 0x000002c8f7afbf50]
Event: 2.053 Thread 0x000002c8c51ba5f0 2632       1       java.lang.Class::getDeclaredAnnotations (11 bytes)
Event: 2.053 Thread 0x000002c8ff874f30 2633       1       org.springframework.core.annotation.TypeMappedAnnotations::from (24 bytes)
Event: 2.053 Thread 0x000002c8ff87b600 2634       1       org.springframework.core.annotation.AnnotationsScanner::isKnownEmpty (60 bytes)
Event: 2.053 Thread 0x000002c8ff652e40 2635       1       org.springframework.core.annotation.AnnotationsScanner::hasPlainJavaAnnotationsOnly (37 bytes)
Event: 2.053 Thread 0x000002c8c51ba5f0 nmethod 2632 0x000002c8f7afc110 code [0x000002c8f7afc2e0, 0x000002c8f7afc488]
Event: 2.053 Thread 0x000002c8ff874f30 nmethod 2633 0x000002c8f7afc590 code [0x000002c8f7afc740, 0x000002c8f7afc908]
Event: 2.054 Thread 0x000002c8ff87b600 nmethod 2634 0x000002c8f7afca10 code [0x000002c8f7afcc00, 0x000002c8f7afceb0]
Event: 2.054 Thread 0x000002c8ff652e40 nmethod 2635 0x000002c8f7afd010 code [0x000002c8f7afd220, 0x000002c8f7afd5f8]
Event: 2.054 Thread 0x000002c8ff652e40 2636       1       java.util.stream.ReferencePipeline::map (26 bytes)
Event: 2.054 Thread 0x000002c8c51ba5f0 2637       1       java.util.stream.ReferencePipeline$3::<init> (15 bytes)
Event: 2.054 Thread 0x000002c8ff874f30 2638       1       java.util.stream.ReferencePipeline$3::opWrapSink (10 bytes)
Event: 2.054 Thread 0x000002c8ff87b600 2639       1       java.util.stream.ReferencePipeline$3$1::<init> (11 bytes)
Event: 2.054 Thread 0x000002c8c51ba5f0 nmethod 2637 0x000002c8f7aff010 code [0x000002c8f7aff1c0, 0x000002c8f7aff308]
Event: 2.054 Thread 0x000002c8c51ba5f0 2640       1       java.util.stream.Sink$ChainedReference::begin (11 bytes)
Event: 2.054 Thread 0x000002c8ff87b600 nmethod 2639 0x000002c8f7aff410 code [0x000002c8f7aff5c0, 0x000002c8f7aff838]
Event: 2.054 Thread 0x000002c8ff652e40 nmethod 2636 0x000002c8f7aff910 code [0x000002c8f7affac0, 0x000002c8f7affd50]
Event: 2.054 Thread 0x000002c8ff874f30 

Event: 2.054 Thread 0x000002c8c51ba5f0 nmethod 2640 0x000002c8f7affe90 code [0x000002c8f7b00040, 0x000002c8f7b00138]

GC Heap History (4 events):
Event: 1.066 GC heap before
{Heap before GC invocations=0 (full 0):
 garbage-first heap   total 126976K, used 23552K [0x0000000084e00000, 0x0000000100000000)
  region size 1024K, 23 young (23552K), 0 survivors (0K)
 Metaspace       used 7491K, committed 7744K, reserved 1114112K
  class space    used 910K, committed 1024K, reserved 1048576K
}
Event: 1.080 GC heap after
{Heap after GC invocations=1 (full 0):
 garbage-first heap   total 126976K, used 8036K [0x0000000084e00000, 0x0000000100000000)
  region size 1024K, 3 young (3072K), 3 survivors (3072K)
 Metaspace       used 7491K, committed 7744K, reserved 1114112K
  class space    used 910K, committed 1024K, reserved 1048576K
}
Event: 1.569 GC heap before
{Heap before GC invocations=1 (full 0):
 garbage-first heap   total 126976K, used 33636K [0x0000000084e00000, 0x0000000100000000)
  region size 1024K, 29 young (29696K), 3 survivors (3072K)
 Metaspace       used 14335K, committed 14592K, reserved 1114112K
  class space    used 1939K, committed 2048K, reserved 1048576K
}
Event: 1.576 GC heap after
{Heap after GC invocations=2 (full 0):
 garbage-first heap   total 126976K, used 10306K [0x0000000084e00000, 0x0000000100000000)
  region size 1024K, 3 young (3072K), 3 survivors (3072K)
 Metaspace       used 14335K, committed 14592K, reserved 1114112K
  class space    used 1939K, committed 2048K, reserved 1048576K
}

Dll operation events (12 events):
Event: 0.020 Loaded shared library C:\Users\Hp 980020888\.jdks\openjdk-21.0.1\bin\java.dll
Event: 0.283 Loaded shared library C:\Users\Hp 980020888\.jdks\openjdk-21.0.1\bin\zip.dll
Event: 0.287 Loaded shared library C:\Users\Hp 980020888\.jdks\openjdk-21.0.1\bin\instrument.dll
Event: 0.293 Loaded shared library C:\Users\Hp 980020888\.jdks\openjdk-21.0.1\bin\net.dll
Event: 0.296 Loaded shared library C:\Users\Hp 980020888\.jdks\openjdk-21.0.1\bin\nio.dll
Event: 0.301 Loaded shared library C:\Users\Hp 980020888\.jdks\openjdk-21.0.1\bin\zip.dll
Event: 0.392 Loaded shared library C:\Program Files\JetBrains\IntelliJ IDEA 2023.2.5\bin\breakgen64.dll
Event: 0.397 Loaded shared library C:\Users\Hp 980020888\.jdks\openjdk-21.0.1\bin\jimage.dll
Event: 0.405 Loaded shared library C:\Users\Hp 980020888\.jdks\openjdk-21.0.1\bin\extnet.dll
Event: 0.426 Loaded shared library C:\Users\Hp 980020888\.jdks\openjdk-21.0.1\bin\management.dll
Event: 0.440 Loaded shared library C:\Users\Hp 980020888\.jdks\openjdk-21.0.1\bin\management_ext.dll
Event: 0.781 Loaded shared library C:\Users\Hp 980020888\.jdks\openjdk-21.0.1\bin\verify.dll

Deoptimization events (6 events):
Event: 0.571 Thread 0x000002c8eefbcb30 DEOPT PACKING pc=0x000002c8f7769b5d sp=0x000000f0ce0fd300
Event: 0.571 Thread 0x000002c8eefbcb30 DEOPT UNPACKING pc=0x000002c8f74588e2 sp=0x000000f0ce0fc7b0 mode 3
Event: 0.584 Thread 0x000002c8eefbcb30 DEOPT PACKING pc=0x000002c8f7811560 sp=0x000000f0ce0fd200
Event: 0.584 Thread 0x000002c8eefbcb30 DEOPT UNPACKING pc=0x000002c8f74588e2 sp=0x000000f0ce0fc6b8 mode 3
Event: 1.565 Thread 0x000002c8eefbcb30 DEOPT PACKING pc=0x000002c8f7a16979 sp=0x000000f0ce0fd7c0
Event: 1.565 Thread 0x000002c8eefbcb30 DEOPT UNPACKING pc=0x000002c8f74588e2 sp=0x000000f0ce0fcca0 mode 3

Classes loaded (20 events):
Event: 1.683 Loading class java/util/Hashtable$EntrySet
Event: 1.684 Loading class java/util/Hashtable$EntrySet done
Event: 1.737 Loading class java/util/regex/Pattern$LazyLoop
Event: 1.737 Loading class java/util/regex/Pattern$Loop
Event: 1.737 Loading class java/util/regex/Pattern$Loop done
Event: 1.737 Loading class java/util/regex/Pattern$LazyLoop done
Event: 1.737 Loading class java/util/regex/Pattern$Prolog
Event: 1.737 Loading class java/util/regex/Pattern$Prolog done
Event: 1.737 Loading class java/util/regex/Pattern$SliceS
Event: 1.737 Loading class java/util/regex/Pattern$SliceS done
Event: 1.806 Loading class java/time/DateTimeException
Event: 1.806 Loading class java/time/DateTimeException done
Event: 1.815 Loading class java/lang/Thread$ThreadNumbering
Event: 1.815 Loading class java/lang/Thread$ThreadNumbering done
Event: 1.829 Loading class javax/naming/ldap/LdapContext
Event: 1.829 Loading class javax/naming/directory/DirContext
Event: 1.830 Loading class javax/naming/directory/DirContext done
Event: 1.830 Loading class javax/naming/ldap/LdapContext done
Event: 1.984 Loading class java/nio/charset/CharacterCodingException
Event: 1.984 Loading class java/nio/charset/CharacterCodingException done

Classes unloaded (0 events):
No events

Classes redefined (0 events):
No events

Internal exceptions (20 events):
Event: 1.674 Thread 0x000002c8eefbcb30 Exception <a 'java/lang/ClassNotFoundException'{0x000000008c3dd450}: java/lang/ObjectCustomizer> (0x000000008c3dd450) 
thrown [s\open\src\hotspot\share\classfile\systemDictionary.cpp, line 312]
Event: 1.679 Thread 0x000002c8eefbcb30 Exception <a 'java/lang/IncompatibleClassChangeError'{0x000000008c3e1338}: Found class java.lang.Object, but interface was expected> (0x000000008c3e1338) 
thrown [s\open\src\hotspot\share\interpreter\linkResolver.cpp, line 840]
Event: 1.682 Thread 0x000002c8eefbcb30 Exception <a 'java/lang/ClassNotFoundException'{0x000000008c3ecd30}: org/springframework/context/annotation/ConfigurationClassPostProcessorCustomizer> (0x000000008c3ecd30) 
thrown [s\open\src\hotspot\share\classfile\systemDictionary.cpp, line 312]
Event: 1.698 Thread 0x000002c8eefbcb30 Exception <a 'java/lang/ClassNotFoundException'{0x000000008c100e90}: org/springframework/beans/factory/support/BeanDefinitionRegistryPostProcessorCustomizer> (0x000000008c100e90) 
thrown [s\open\src\hotspot\share\classfile\systemDictionary.cpp, line 312]
Event: 1.698 Thread 0x000002c8eefbcb30 Exception <a 'java/lang/ClassNotFoundException'{0x000000008c104a10}: org/springframework/beans/factory/config/BeanFactoryPostProcessorCustomizer> (0x000000008c104a10) 
thrown [s\open\src\hotspot\share\classfile\systemDictionary.cpp, line 312]
Event: 1.699 Thread 0x000002c8eefbcb30 Exception <a 'java/lang/ClassNotFoundException'{0x000000008c108510}: org/springframework/core/PriorityOrderedCustomizer> (0x000000008c108510) 
thrown [s\open\src\hotspot\share\classfile\systemDictionary.cpp, line 312]
Event: 1.699 Thread 0x000002c8eefbcb30 Exception <a 'java/lang/ClassNotFoundException'{0x000000008c10ad80}: org/springframework/core/OrderedCustomizer> (0x000000008c10ad80) 
thrown [s\open\src\hotspot\share\classfile\systemDictionary.cpp, line 312]
Event: 1.700 Thread 0x000002c8eefbcb30 Exception <a 'java/lang/ClassNotFoundException'{0x000000008c10e640}: org/springframework/context/ResourceLoaderAwareCustomizer> (0x000000008c10e640) 
thrown [s\open\src\hotspot\share\classfile\systemDictionary.cpp, line 312]
Event: 1.700 Thread 0x000002c8eefbcb30 Exception <a 'java/lang/ClassNotFoundException'{0x000000008c112110}: org/springframework/beans/factory/AwareCustomizer> (0x000000008c112110) 
thrown [s\open\src\hotspot\share\classfile\systemDictionary.cpp, line 312]
Event: 1.700 Thread 0x000002c8eefbcb30 Exception <a 'java/lang/ClassNotFoundException'{0x000000008c114b88}: org/springframework/beans/factory/BeanClassLoaderAwareCustomizer> (0x000000008c114b88) 
thrown [s\open\src\hotspot\share\classfile\systemDictionary.cpp, line 312]
Event: 1.701 Thread 0x000002c8eefbcb30 Exception <a 'java/lang/ClassNotFoundException'{0x000000008c118640}: org/springframework/beans/factory/AwareCustomizer> (0x000000008c118640) 
thrown [s\open\src\hotspot\share\classfile\systemDictionary.cpp, line 312]
Event: 1.701 Thread 0x000002c8eefbcb30 Exception <a 'java/lang/ClassNotFoundException'{0x000000008c11ae78}: org/springframework/context/EnvironmentAwareCustomizer> (0x000000008c11ae78) 
thrown [s\open\src\hotspot\share\classfile\systemDictionary.cpp, line 312]
Event: 1.702 Thread 0x000002c8eefbcb30 Exception <a 'java/lang/ClassNotFoundException'{0x000000008c11e8a0}: org/springframework/beans/factory/AwareCustomizer> (0x000000008c11e8a0) 
thrown [s\open\src\hotspot\share\classfile\systemDictionary.cpp, line 312]
Event: 1.819 Thread 0x000002c8c5625d70 Exception <a 'java/lang/NoSuchMethodError'{0x000000008b9e47e8}: 'long java.lang.invoke.DirectMethodHandle$Holder.invokeStatic(java.lang.Object, java.lang.Object)'> (0x000000008b9e47e8) 
thrown [s\open\src\hotspot\share\interpreter\linkResolver.cpp, line 773]
Event: 1.820 Thread 0x000002c8c5625d70 Exception <a 'java/lang/NoSuchMethodError'{0x000000008b9e7b50}: 'long java.lang.invoke.DirectMethodHandle$Holder.invokeStaticInit(java.lang.Object, java.lang.Object)'> (0x000000008b9e7b50) 
thrown [s\open\src\hotspot\share\interpreter\linkResolver.cpp, line 773]
Event: 1.821 Thread 0x000002c8c5625d70 Exception <a 'java/lang/NoSuchMethodError'{0x000000008b803300}: 'long java.lang.invoke.DirectMethodHandle$Holder.invokeInterface(java.lang.Object, java.lang.Object)'> (0x000000008b803300) 
thrown [s\open\src\hotspot\share\interpreter\linkResolver.cpp, line 773]
Event: 1.821 Thread 0x000002c8c5625d70 Exception <a 'java/lang/IncompatibleClassChangeError'{0x000000008b8065b0}: Found class java.lang.Object, but interface was expected> (0x000000008b8065b0) 
thrown [s\open\src\hotspot\share\interpreter\linkResolver.cpp, line 840]
Event: 1.832 Thread 0x000002c8c5625d70 Exception <a 'java/lang/NoSuchMethodError'{0x000000008b732460}: 'java.lang.Object java.lang.invoke.DirectMethodHandle$Holder.invokeVirtual(java.lang.Object, java.lang.Object, java.lang.Object, java.lang.Object)'> (0x000000008b732460) 
thrown [s\open\src\hotspot\share\interpreter\linkResolver.cpp, line 773]
Event: 1.865 Thread 0x000002c8eefbcb30 Exception <a 'java/lang/IncompatibleClassChangeError'{0x000000008b561100}: Found class java.lang.Object, but interface was expected> (0x000000008b561100) 
thrown [s\open\src\hotspot\share\interpreter\linkResolver.cpp, line 840]
Event: 1.891 Thread 0x000002c8eefbcb30 Exception <a 'java/lang/NoSuchMethodError'{0x000000008b4632e8}: 'void java.lang.invoke.DirectMethodHandle$Holder.invokeInterface(java.lang.Object, java.lang.Object, java.lang.Object, java.lang.Object)'> (0x000000008b4632e8) 
thrown [s\open\src\hotspot\share\interpreter\linkResolver.cpp, line 773]

ZGC Phase Switch (0 events):
No events

VM Operations (20 events):
Event: 1.066 Executing VM operation: G1CollectForAllocation (G1 Evacuation Pause)
Event: 1.080 Executing VM operation: G1CollectForAllocation (G1 Evacuation Pause) done
Event: 1.086 Executing VM operation: HandshakeAllThreads (Deoptimize)
Event: 1.086 Executing VM operation: HandshakeAllThreads (Deoptimize) done
Event: 1.215 Executing VM operation: HandshakeAllThreads (Deoptimize)
Event: 1.215 Executing VM operation: HandshakeAllThreads (Deoptimize) done
Event: 1.279 Executing VM operation: HandshakeAllThreads (Deoptimize)
Event: 1.279 Executing VM operation: HandshakeAllThreads (Deoptimize) done
Event: 1.375 Executing VM operation: HandshakeAllThreads (Deoptimize)
Event: 1.375 Executing VM operation: HandshakeAllThreads (Deoptimize) done
Event: 1.426 Executing VM operation: HandshakeAllThreads (Deoptimize)
Event: 1.426 Executing VM operation: HandshakeAllThreads (Deoptimize) done
Event: 1.569 Executing VM operation: G1CollectForAllocation (G1 Evacuation Pause)
Event: 1.576 Executing VM operation: G1CollectForAllocation (G1 Evacuation Pause) done
Event: 1.632 Executing VM operation: HandshakeAllThreads (Deoptimize)
Event: 1.632 Executing VM operation: HandshakeAllThreads (Deoptimize) done
Event: 1.728 Executing VM operation: HandshakeAllThreads (Deoptimize)
Event: 1.728 Executing VM operation: HandshakeAllThreads (Deoptimize) done
Event: 2.042 Executing VM operation: ICBufferFull
Event: 2.042 Executing VM operation: ICBufferFull done

Events (19 events):
Event: 0.045 Thread 0x000002c8eefbcb30 Thread added: 0x000002c8eefbcb30
Event: 0.084 Thread 0x000002c8ff63b7c0 Thread added: 0x000002c8ff63b7c0
Event: 0.084 Thread 0x000002c8ff63c310 Thread added: 0x000002c8ff63c310
Event: 0.085 Thread 0x000002c8ff641610 Thread added: 0x000002c8ff641610
Event: 0.085 Thread 0x000002c8ff642160 Thread added: 0x000002c8ff642160
Event: 0.085 Thread 0x000002c8ff643c60 Thread added: 0x000002c8ff643c60
Event: 0.085 Thread 0x000002c8ff646f60 Thread added: 0x000002c8ff646f60
Event: 0.086 Thread 0x000002c8ff652e40 Thread added: 0x000002c8ff652e40
Event: 0.254 Thread 0x000002c8ff813cc0 Thread added: 0x000002c8ff813cc0
Event: 0.263 Thread 0x000002c8ff874f30 Thread added: 0x000002c8ff874f30
Event: 0.265 Thread 0x000002c8ff87b600 Thread added: 0x000002c8ff87b600
Event: 0.392 Thread 0x000002c8ffbc9a80 Thread added: 0x000002c8ffbc9a80
Event: 0.393 Thread 0x000002c8ffbcc9b0 Thread added: 0x000002c8ffbcc9b0
Event: 0.576 Thread 0x000002c8c51ba5f0 Thread added: 0x000002c8c51ba5f0
Event: 0.744 Thread 0x000002c8c527f360 Thread added: 0x000002c8c527f360
Event: 1.053 Thread 0x000002c8c5625d70 Thread added: 0x000002c8c5625d70
Event: 1.816 Thread 0x000002c8c60297b0 Thread added: 0x000002c8c60297b0
Event: 1.835 Thread 0x000002c8c5625d70 Thread exited: 0x000002c8c5625d70
Event: 1.842 Thread 0x000002c8c60297b0 Thread exited: 0x000002c8c60297b0


Dynamic libraries:
0x00007ff6aed60000 - 0x00007ff6aed6e000 	C:\Users\Hp 980020888\.jdks\openjdk-21.0.1\bin\java.exe
0x00007ffee87b0000 - 0x00007ffee89a8000 	C:\windows\SYSTEM32\ntdll.dll
0x00007ffe7b040000 - 0x00007ffe7b059000 	C:\Program Files\Avast Software\Avast\aswhook.dll
0x00007ffee7040000 - 0x00007ffee70fd000 	C:\windows\System32\KERNEL32.DLL
0x00007ffee6350000 - 0x00007ffee6646000 	C:\windows\System32\KERNELBASE.dll
0x00007ffee6150000 - 0x00007ffee6250000 	C:\windows\System32\ucrtbase.dll
0x00007ffe7c4a0000 - 0x00007ffe7c4b8000 	C:\Users\Hp 980020888\.jdks\openjdk-21.0.1\bin\jli.dll
0x00007ffed2aa0000 - 0x00007ffed2abb000 	C:\Users\Hp 980020888\.jdks\openjdk-21.0.1\bin\VCRUNTIME140.dll
0x00007ffee8560000 - 0x00007ffee86fe000 	C:\windows\System32\USER32.dll
0x00007ffecf6c0000 - 0x00007ffecf95a000 	C:\windows\WinSxS\amd64_microsoft.windows.common-controls_6595b64144ccf1df_6.0.19041.3636_none_60b6a03d71f818d5\COMCTL32.dll
0x00007ffee6120000 - 0x00007ffee6142000 	C:\windows\System32\win32u.dll
0x00007ffee6ec0000 - 0x00007ffee6f5e000 	C:\windows\System32\msvcrt.dll
0x00007ffee8480000 - 0x00007ffee84ac000 	C:\windows\System32\GDI32.dll
0x00007ffee6650000 - 0x00007ffee676a000 	C:\windows\System32\gdi32full.dll
0x00007ffee6770000 - 0x00007ffee680d000 	C:\windows\System32\msvcp_win.dll
0x00007ffee68c0000 - 0x00007ffee68f0000 	C:\windows\System32\IMM32.DLL
0x00007ffee14e0000 - 0x00007ffee14ec000 	C:\Users\Hp 980020888\.jdks\openjdk-21.0.1\bin\vcruntime140_1.dll
0x00007ffe51fd0000 - 0x00007ffe5205e000 	C:\Users\Hp 980020888\.jdks\openjdk-21.0.1\bin\msvcp140.dll
0x00007ffe211f0000 - 0x00007ffe21f05000 	C:\Users\Hp 980020888\.jdks\openjdk-21.0.1\bin\server\jvm.dll
0x00007ffee6810000 - 0x00007ffee68bf000 	C:\windows\System32\ADVAPI32.dll
0x00007ffee75e0000 - 0x00007ffee767c000 	C:\windows\System32\sechost.dll
0x00007ffee74b0000 - 0x00007ffee75d6000 	C:\windows\System32\RPCRT4.dll
0x00007ffee8700000 - 0x00007ffee876b000 	C:\windows\System32\WS2_32.dll
0x00007ffee5c40000 - 0x00007ffee5c8b000 	C:\windows\SYSTEM32\POWRPROF.dll
0x00007ffec9ba0000 - 0x00007ffec9bc7000 	C:\windows\SYSTEM32\WINMM.dll
0x00007ffee05e0000 - 0x00007ffee05ea000 	C:\windows\SYSTEM32\VERSION.dll
0x00007ffee5c20000 - 0x00007ffee5c32000 	C:\windows\SYSTEM32\UMPDC.dll
0x00007ffee46e0000 - 0x00007ffee46f2000 	C:\windows\SYSTEM32\kernel.appcore.dll
0x00007ffeaa440000 - 0x00007ffeaa44a000 	C:\Users\Hp 980020888\.jdks\openjdk-21.0.1\bin\jimage.dll
0x00007ffee44a0000 - 0x00007ffee4684000 	C:\windows\SYSTEM32\DBGHELP.DLL
0x00007ffed2c10000 - 0x00007ffed2c44000 	C:\windows\SYSTEM32\dbgcore.DLL
0x00007ffee6090000 - 0x00007ffee6112000 	C:\windows\System32\bcryptPrimitives.dll
0x00007ffed2a00000 - 0x00007ffed2a0f000 	C:\Users\Hp 980020888\.jdks\openjdk-21.0.1\bin\instrument.dll
0x00007ffe7b300000 - 0x00007ffe7b31f000 	C:\Users\Hp 980020888\.jdks\openjdk-21.0.1\bin\java.dll
0x00007ffee7c00000 - 0x00007ffee8344000 	C:\windows\System32\SHELL32.dll
0x00007ffee3c30000 - 0x00007ffee43cb000 	C:\windows\SYSTEM32\windows.storage.dll
0x00007ffee6950000 - 0x00007ffee6ca4000 	C:\windows\System32\combase.dll
0x00007ffee5860000 - 0x00007ffee588d000 	C:\windows\SYSTEM32\Wldp.dll
0x00007ffee7b50000 - 0x00007ffee7bfd000 	C:\windows\System32\SHCORE.dll
0x00007ffee7100000 - 0x00007ffee7155000 	C:\windows\System32\shlwapi.dll
0x00007ffee5dc0000 - 0x00007ffee5de5000 	C:\windows\SYSTEM32\profapi.dll
0x00007ffe68d10000 - 0x00007ffe68d28000 	C:\Users\Hp 980020888\.jdks\openjdk-21.0.1\bin\zip.dll
0x00007ffea9700000 - 0x00007ffea9710000 	C:\Users\Hp 980020888\.jdks\openjdk-21.0.1\bin\net.dll
0x00007ffed91c0000 - 0x00007ffed92ca000 	C:\windows\SYSTEM32\WINHTTP.dll
0x00007ffee55c0000 - 0x00007ffee562a000 	C:\windows\system32\mswsock.dll
0x00007ffe7b2a0000 - 0x00007ffe7b2b6000 	C:\Users\Hp 980020888\.jdks\openjdk-21.0.1\bin\nio.dll
0x00007ffed29a0000 - 0x00007ffed29ba000 	C:\Program Files\JetBrains\IntelliJ IDEA 2023.2.5\bin\breakgen64.dll
0x00007ffea7af0000 - 0x00007ffea7af7000 	C:\Users\Hp 980020888\.jdks\openjdk-21.0.1\bin\extnet.dll
0x00007ffee5290000 - 0x00007ffee535a000 	C:\windows\SYSTEM32\DNSAPI.dll
0x00007ffee5250000 - 0x00007ffee528b000 	C:\windows\SYSTEM32\IPHLPAPI.DLL
0x00007ffee6d30000 - 0x00007ffee6d38000 	C:\windows\System32\NSI.dll
0x000000005b6e0000 - 0x000000005b706000 	C:\Program Files\Bonjour\mdnsNSP.dll
0x00007ffec6100000 - 0x00007ffec610a000 	C:\Windows\System32\rasadhlp.dll
0x00007ffec8510000 - 0x00007ffec8590000 	C:\windows\System32\fwpuclnt.dll
0x00007ffee5f00000 - 0x00007ffee5f27000 	C:\windows\System32\bcrypt.dll
0x00007ffead100000 - 0x00007ffead10a000 	C:\Users\Hp 980020888\.jdks\openjdk-21.0.1\bin\management.dll
0x00007ffead0c0000 - 0x00007ffead0cb000 	C:\Users\Hp 980020888\.jdks\openjdk-21.0.1\bin\management_ext.dll
0x00007ffee6e20000 - 0x00007ffee6e28000 	C:\windows\System32\PSAPI.DLL
0x00007ffee57b0000 - 0x00007ffee57c8000 	C:\windows\SYSTEM32\CRYPTSP.dll
0x00007ffee4e90000 - 0x00007ffee4ec4000 	C:\windows\system32\rsaenh.dll
0x00007ffee5d40000 - 0x00007ffee5d6e000 	C:\windows\SYSTEM32\USERENV.dll
0x00007ffee57d0000 - 0x00007ffee57dc000 	C:\windows\SYSTEM32\CRYPTBASE.dll
0x00007ffeb2fb0000 - 0x00007ffeb2fc7000 	C:\windows\system32\napinsp.dll
0x00007ffeb2f90000 - 0x00007ffeb2fab000 	C:\windows\system32\pnrpnsp.dll
0x00007ffec4080000 - 0x00007ffec4095000 	C:\windows\system32\wshbth.dll
0x00007ffee1420000 - 0x00007ffee143d000 	C:\windows\system32\NLAapi.dll
0x00007ffeb2240000 - 0x00007ffeb2252000 	C:\windows\System32\winrnr.dll
0x00007ffe9f5f0000 - 0x00007ffe9f600000 	C:\Users\Hp 980020888\.jdks\openjdk-21.0.1\bin\verify.dll

dbghelp: loaded successfully - version: 4.0.5 - missing functions: none
symbol engine: initialized successfully - sym options: 0x614 - pdb path: .;C:\Users\Hp 980020888\.jdks\openjdk-21.0.1\bin;C:\windows\SYSTEM32;C:\Program Files\Avast Software\Avast;C:\windows\WinSxS\amd64_microsoft.windows.common-controls_6595b64144ccf1df_6.0.19041.3636_none_60b6a03d71f818d5;C:\Users\Hp 980020888\.jdks\openjdk-21.0.1\bin\server;C:\Program Files\JetBrains\IntelliJ IDEA 2023.2.5\bin;C:\Program Files\Bonjour

VM Arguments:
jvm_args: -XX:TieredStopAtLevel=1 -Dspring.output.ansi.enabled=always -Dcom.sun.management.jmxremote -Dspring.jmx.enabled=true -Dspring.liveBeansView.mbeanDomain -Dspring.application.admin.enabled=true -Dmanagement.endpoints.jmx.exposure.include=* -javaagent:C:\Program Files\JetBrains\IntelliJ IDEA 2023.2.5\lib\idea_rt.jar=37097:C:\Program Files\JetBrains\IntelliJ IDEA 2023.2.5\bin -Dfile.encoding=UTF-8 -Dsun.stdout.encoding=UTF-8 -Dsun.stderr.encoding=UTF-8 
java_command: com.crud.demo.SistemaVenta1Application
java_class_path (initial): D:\Proyecto Profecto Interfaz\crudSpringBoot-master\crudSpringBoot-master\CrudSpringBoot\target\classes;C:\Users\Hp 980020888\.m2\repository\org\springframework\boot\spring-boot-starter-data-jpa\2.2.2.RELEASE\spring-boot-starter-data-jpa-2.2.2.RELEASE.jar;C:\Users\Hp 980020888\.m2\repository\org\springframework\boot\spring-boot-starter-aop\2.2.2.RELEASE\spring-boot-starter-aop-2.2.2.RELEASE.jar;C:\Users\Hp 980020888\.m2\repository\org\springframework\spring-aop\5.2.2.RELEASE\spring-aop-5.2.2.RELEASE.jar;C:\Users\Hp 980020888\.m2\repository\org\aspectj\aspectjweaver\1.9.5\aspectjweaver-1.9.5.jar;C:\Users\Hp 980020888\.m2\repository\org\springframework\boot\spring-boot-starter-jdbc\2.2.2.RELEASE\spring-boot-starter-jdbc-2.2.2.RELEASE.jar;C:\Users\Hp 980020888\.m2\repository\com\zaxxer\HikariCP\3.4.1\HikariCP-3.4.1.jar;C:\Users\Hp 980020888\.m2\repository\org\springframework\spring-jdbc\5.2.2.RELEASE\spring-jdbc-5.2.2.RELEASE.jar;C:\Users\Hp 980020888\.m2\repository\jakarta\activation\jakarta.activation-api\1.2.1\jakarta.activation-api-1.2.1.jar;C:\Users\Hp 980020888\.m2\repository\jakarta\persistence\jakarta.persistence-api\2.2.3\jakarta.persistence-api-2.2.3.jar;C:\Users\Hp 980020888\.m2\repository\jakarta\transaction\jakarta.transaction-api\1.3.3\jakarta.transaction-api-1.3.3.jar;C:\Users\Hp 980020888\.m2\repository\org\hibernate\hibernate-core\5.4.9.Final\hibernate-core-5.4.9.Final.jar;C:\Users\Hp 980020888\.m2\repository\org\jboss\logging\jboss-logging\3.4.1.Final\jboss-logging-3.4.1.Final.jar;C:\Users\Hp 980020888\.m2\repository\org\javassist\javassist\3.24.0-GA\javassist-3.24.0-GA.jar;C:\Users\Hp 980020888\.m2\repository\net\bytebuddy\byte-buddy\1.10.4\byte-buddy-1.10.4.jar;C:\Users\Hp 980020888\.m2\repository\antlr\antlr\2.7.7\antlr-2.7.7.jar;C:\Users\Hp 980020888\.m2\repository\org\jboss\jandex\2.1.1.Final\jandex-2.1.1.Final.jar;C:\Users\Hp 980020888\.m2\repository\com\fasterxml\classmate\1.5.1\classmate-1.5.1.jar;C:\Users\Hp 980020888\.m2\repository\org\dom4j\dom4j\2.1.1\dom4j-2.1.1.jar;C:\Users\Hp 980020888\.m2\repository\org\hibernate\common\hibernate-commons-annotations\5.1.0.Final\hibernate-commons-annotations-5.1.0.Final.jar;C:\Users\Hp 980020888\.m2\repository\org\glassfish\jaxb\jaxb-runtime\2.3.2\jaxb-runtime-2.3.2.jar;C:\Users\Hp 980020888\.m2\repository\org\glassfish\jaxb\txw2\2.3.2\txw2-2.3.2.jar;C:\Users\Hp 980020888\.m2\repository\com\sun\istack\istack-commons-runtime\3.0.8\istack-commons-runtime-3.0.8.jar;C:\Users\Hp 980020888\.m2\repository\org\jvnet\staxex\stax-ex\1.8.1\stax-ex-1.8.1.jar;C:\Users\Hp 980020888\.m2\repository\com\sun\xml\fastinfoset\FastInfoset\1.2.16\FastInfoset-1.2.16.jar;C:\Users\Hp 980020888\.m2\repository\org\springframework\data\spring-data-jpa\2.2.3.RELEASE\spring-data-jpa-2.2.3.RELEASE.jar;C:\Users\Hp 980020888\.m2\repository\org\springframework\data\spring-data-commons\2.2.3.RELEASE\spring-data-commons-2.2.3.RELEASE.jar;C:\Users\Hp 980020888\.m2\repository\org\springframework\spring-orm\5.2.2.RELEASE\spring-orm-5.2.2.RELEASE.jar;C:\Users\Hp 980020888\.m2\repository\org\springframework\spring-context\5.2.2.RELEASE\spring-context-5.2.2.RELEASE.jar;C:\Users\Hp 980020888\.m2\repository\org\springframework\spring-tx\5.2.2.RELEASE\spring-tx-5.2.2.RELEASE.jar;C:\Users\Hp 980020888\.m2\repository\org\springframework\spring-beans\5.2.2.RELEASE\spring-beans-5.2.2.RELEASE.jar;C:\Users\Hp 980020888\.m2\repository\org\slf4j\slf4j-api\1.7.29\slf4j-api-1.7.29.jar;C:\Users\Hp 980020888\.m2\repository\org\springframework\spring-aspects\5.2.2.RELEASE\spring-aspects-5.2.2.RELEASE.jar;C:\Users\Hp 980020888\.m2\repository\org\springframework\boot\spring-boot-starter-thymeleaf\2.2.2.RELEASE\spring-boot-starter-thymeleaf-2.2.2.RELEASE.jar;C:\Users\Hp 980020888\.m2\repository\org\springframework\boot\spring-boot-starter\2.2.2.RELEASE\spring-boot-starter-2.2.2.RELEASE.jar;C:\Users\Hp 980020888\.m2\repository\org\springframework\boot\spring-boot\2.2.2.RELEASE\spring-boot-2.2.2.RELEASE.jar;C:\Users\Hp 980020888\.m2\repository\org\springframework\boot\spring-boot-autoconfigure\2.2.2.RELEASE\spring-boot-autoconfigure-2.2.2.RELEASE.jar;C:\Users\Hp 980020888\.m2\repository\org\springframework\boot\spring-boot-starter-logging\2.2.2.RELEASE\spring-boot-starter-logging-2.2.2.RELEASE.jar;C:\Users\Hp 980020888\.m2\repository\ch\qos\logback\logback-classic\1.2.3\logback-classic-1.2.3.jar;C:\Users\Hp 980020888\.m2\repository\ch\qos\logback\logback-core\1.2.3\logback-core-1.2.3.jar;C:\Users\Hp 980020888\.m2\repository\org\apache\logging\log4j\log4j-to-slf4j\2.12.1\log4j-to-slf4j-2.12.1.jar;C:\Users\Hp 980020888\.m2\repository\org\apache\logging\log4j\log4j-api\2.12.1\log4j-api-2.12.1.jar;C:\Users\Hp 980020888\.m2\repository\org\slf4j\jul-to-slf4j\1.7.29\jul-to-slf4j-1.7.29.jar;C:\Users\Hp 980020888\.m2\repository\jakarta\annotation\jakarta.annotation-api\1.3.5\jakarta.annotation-api-1.3.5.jar;C:\Users\Hp 980020888\.m2\repository\org\yaml\snakeyaml\1.25\snakeyaml-1.25.jar;C:\Users\Hp 980020888\.m2\repository\org\thymeleaf\thymeleaf-spring5\3.0.11.RELEASE\thymeleaf-spring5-3.0.11.RELEASE.jar;C:\Users\Hp 980020888\.m2\repository\org\thymeleaf\thymeleaf\3.0.11.RELEASE\thymeleaf-3.0.11.RELEASE.jar;C:\Users\Hp 980020888\.m2\repository\org\attoparser\attoparser\2.0.5.RELEASE\attoparser-2.0.5.RELEASE.jar;C:\Users\Hp 980020888\.m2\repository\org\unbescape\unbescape\1.1.6.RELEASE\unbescape-1.1.6.RELEASE.jar;C:\Users\Hp 980020888\.m2\repository\org\thymeleaf\extras\thymeleaf-extras-java8time\3.0.4.RELEASE\thymeleaf-extras-java8time-3.0.4.RELEASE.jar;C:\Users\Hp 980020888\.m2\repository\org\springframework\boot\spring-boot-starter-web\2.2.2.RELEASE\spring-boot-starter-web-2.2.2.RELEASE.jar;C:\Users\Hp 980020888\.m2\repository\org\springframework\boot\spring-boot-starter-json\2.2.2.RELEASE\spring-boot-starter-json-2.2.2.RELEASE.jar;C:\Users\Hp 980020888\.m2\repository\com\fasterxml\jackson\core\jackson-databind\2.10.1\jackson-databind-2.10.1.jar;C:\Users\Hp 980020888\.m2\repository\com\fasterxml\jackson\core\jackson-annotations\2.10.1\jackson-annotations-2.10.1.jar;C:\Users\Hp 980020888\.m2\repository\com\fasterxml\jackson\core\jackson-core\2.10.1\jackson-core-2.10.1.jar;C:\Users\Hp 980020888\.m2\repository\com\fasterxml\jackson\datatype\jackson-datatype-jdk8\2.10.1\jackson-datatype-jdk8-2.10.1.jar;C:\Users\Hp 980020888\.m2\repository\com\fasterxml\jackson\datatype\jackson-datatype-jsr310\2.10.1\jackson-datatype-jsr310-2.10.1.jar;C:\Users\Hp 980020888\.m2\repository\com\fasterxml\jackson\module\jackson-module-parameter-names\2.10.1\jackson-module-parameter-names-2.10.1.jar;C:\Users\Hp 980020888\.m2\repository\org\springframework\boot\spring-boot-starter-tomcat\2.2.2.RELEASE\spring-boot-starter-tomcat-2.2.2.RELEASE.jar;C:\Users\Hp 980020888\.m2\repository\org\apache\tomcat\embed\tomcat-embed-core\9.0.29\tomcat-embed-core-9.0.29.jar;C:\Users\Hp 980020888\.m2\repository\org\apache\tomcat\embed\tomcat-embed-el\9.0.29\tomcat-embed-el-9.0.29.jar;C:\Users\Hp 980020888\.m2\repository\org\apache\tomcat\embed\tomcat-embed-websocket\9.0.29\tomcat-embed-websocket-9.0.29.jar;C:\Users\Hp 980020888\.m2\repository\org\springframework\boot\spring-boot-starter-validation\2.2.2.RELEASE\spring-boot-starter-validation-2.2.2.RELEASE.jar;C:\Users\Hp 980020888\.m2\repository\jakarta\validation\jakarta.validation-api\2.0.1\jakarta.validation-api-2.0.1.jar;C:\Users\Hp 980020888\.m2\repository\org\hibernate\validator\hibernate-validator\6.0.18.Final\hibernate-validator-6.0.18.Final.jar;C:\Users\Hp 980020888\.m2\repository\org\springframework\spring-web\5.2.2.RELEASE\spring-web-5.2.2.RELEASE.jar;C:\Users\Hp 980020888\.m2\repository\org\springframework\spring-webmvc\5.2.2.RELEASE\spring-webmvc-5.2.2.RELEASE.jar;C:\Users\Hp 980020888\.m2\repository\org\springframework\spring-expression\5.2.2.RELEASE\spring-expression-5.2.2.RELEASE.jar;C:\Users\Hp 980020888\.m2\repository\mysql\mysql-connector-java\8.0.18\mysql-connector-java-8.0.18.jar;C:\Users\Hp 980020888\.m2\repository\jakarta\xml\bind\jakarta.xml.bind-api\2.3.2\jakarta.xml.bind-api-2.3.2.jar;C:\Users\Hp 980020888\.m2\repository\org\springframework\spring-core\5.2.2.RELEASE\spring-core-5.2.2.RELEASE.jar;C:\Users\Hp 980020888\.m2\repository\org\springframework\spring-jcl\5.2.2.RELEASE\spring-jcl-5.2.2.RELEASE.jar
Launcher Type: SUN_STANDARD

[Global flags]
     intx CICompilerCount                          = 4                                         {product} {ergonomic}
     uint ConcGCThreads                            = 2                                         {product} {ergonomic}
     uint G1ConcRefinementThreads                  = 8                                         {product} {ergonomic}
   size_t G1HeapRegionSize                         = 1048576                                   {product} {ergonomic}
    uintx GCDrainStackTargetSize                   = 64                                        {product} {ergonomic}
   size_t InitialHeapSize                          = 130023424                                 {product} {ergonomic}
     bool ManagementServer                         = true                                      {product} {command line}
   size_t MarkStackSize                            = 4194304                                   {product} {ergonomic}
   size_t MaxHeapSize                              = 2065694720                                {product} {ergonomic}
   size_t MaxNewSize                               = 1239416832                                {product} {ergonomic}
   size_t MinHeapDeltaBytes                        = 1048576                                   {product} {ergonomic}
   size_t MinHeapSize                              = 8388608                                   {product} {ergonomic}
    uintx NonNMethodCodeHeapSize                   = 4096                                   {pd product} {ergonomic}
    uintx NonProfiledCodeHeapSize                  = 0                                      {pd product} {ergonomic}
     bool ProfileInterpreter                       = false                                  {pd product} {command line}
    uintx ProfiledCodeHeapSize                     = 0                                      {pd product} {ergonomic}
   size_t SoftMaxHeapSize                          = 2065694720                             {manageable} {ergonomic}
     intx TieredStopAtLevel                        = 1                                         {product} {command line}
     bool UseCompressedOops                        = true                           {product lp64_product} {ergonomic}
     bool UseG1GC                                  = true                                      {product} {ergonomic}
     bool UseLargePagesIndividualAllocation        = false                                  {pd product} {ergonomic}

Logging:
Log output configuration:
 #0: stdout all=warning uptime,level,tags foldmultilines=false
 #1: stderr all=off uptime,level,tags foldmultilines=false

Environment Variables:
PATH=C:\Program Files\Common Files\Oracle\Java\javapath;C:\Program Files (x86)\Common Files\Oracle\Java\javapath;C:\Program Files\Eclipse Adoptium\jdk-17.0.6.10-hotspot\bin;C:\ProgramData\Oracle\Java\javapath;C:\windows\system32;C:\windows;C:\windows\System32\Wbem;C:\windows\System32\WindowsPowerShell\v1.0\;C:\windows\System32\OpenSSH\;C:\Program Files (x86)\Windows Live\Shared;C:\Program Files (x86)\Microsoft SQL Server\150\DTS\Binn\;C:\Program Files\Azure Data Studio\bin;C:\Program Files\Git\cmd;C:\Program Files\nodejs\;C:\Program Files\dotnet\;C:\Program Files\Java\jdk-16.0.2\bin;C:\Program Files\RabbitMQ Server\rabbitmq_server-3.12.7\sbin;C:\Program Files\MongoDB\Server\7.0\bin;C:\Program Files\MySQL\MySQL Shell 8.0\bin\;C:\Users\Hp 980020888\AppData\Local\Microsoft\WindowsApps;C:\Program Files\Azure Data Studio\bin;C:\Users\Hp 980020888\AppData\Local\GitHubDesktop\bin;C:\Users\Hp 980020888\AppData\Roaming\npm;C:\Program Files\JetBrains\IntelliJ IDEA 2023.2.5\bin;;C:\Program Files\Java\jdk-16.0.2\bin;C:\\Program Files\\Java\\jdk-16.0.2;
USERNAME=Hp 980020888
OS=Windows_NT
PROCESSOR_IDENTIFIER=Intel64 Family 6 Model 126 Stepping 5, GenuineIntel
TMP=C:\Users\HP9800~1\AppData\Local\Temp
TEMP=C:\Users\HP9800~1\AppData\Local\Temp




Periodic native trim disabled

---------------  S Y S T E M  ---------------

OS:
 Windows 10 , 64 bit Build 19041 (10.0.19041.3636)
OS uptime: 0 days 17:04 hours

CPU: total 8 (initial active 8) (4 cores per cpu, 2 threads per core) family 6 model 126 stepping 5 microcode 0xbc, cx8, cmov, fxsr, ht, mmx, 3dnowpref, sse, sse2, sse3, ssse3, sse4.1, sse4.2, popcnt, lzcnt, tsc, tscinvbit, avx, avx2, aes, erms, clmul, bmi1, bmi2, adx, avx512f, avx512dq, avx512cd, avx512bw, avx512vl, sha, fma, vzeroupper, avx512_vpopcntdq, avx512_vpclmulqdq, avx512_vaes, avx512_vnni, clflush, clflushopt, avx512_vbmi2, avx512_vbmi, rdtscp, rdpid, fsrm, gfni, avx512_bitalg, f16c, pku, avx512_ifma
Processor Information for all 8 processors :
  Max Mhz: 1498, Current Mhz: 1298, Mhz Limit: 1288

Memory: 4k page, system-wide physical 7876M (1399M free)
TotalPageFile size 15416M (AvailPageFile size 243M)
current process WorkingSet (physical memory assigned to process): 116M, peak: 116M
current process commit charge ("private bytes"): 242M, peak: 242M

vm_info: OpenJDK 64-Bit Server VM (21.0.1+12-29) for windows-amd64 JRE (21.0.1+12-29), built on 2023-10-05T13:27:09Z by "mach5one" with MS VC++ 17.1 (VS2022)

END.
